02:49:54 │ INFO    │ ======================================================================
02:49:54 │ INFO    │   TopGainers Exhaustive Pipeline — Starting
02:49:54 │ INFO    │ ======================================================================
02:49:54 │ INFO    │ Fetching FX rates...
02:49:57 │ INFO    │ Loaded FX rates: {'USD': 1.0, 'INR': 0.010563232004642487, 'KRW': 0.0006515039713121951, 'JPY': 0.006191452033817768, 'CNY': 0.14762325584888458, 'HKD': 0.12756404280662537, 'GBP': 1.3254337310791016, 'EUR': 1.1431183815002441, 'CAD': 0.7060650587081909, 'AUD': 0.7004762887954712, 'BRL': 0.19453738629817963, 'SAR': 0.2663683295249939}
02:49:57 │ INFO    │ Loading Equities from FinanceDatabase...
02:50:12 │ INFO    │ Loaded 4209 known failed tickers to skip.
02:50:12 │ INFO    │ Resolved 19580 tickers. After skipping, 15757 remain to process.
02:50:12 │ INFO    │ Processing batch 1/316 (50 tickers) ... [0 successful so far]
02:50:30 │ WARNING │   [ANOMALY] AAGR 5D gain is 9900.0%. Discarding period data.
02:50:53 │ INFO    │ HTTP Request: POST https://oqgwwidykukkqcgvvsnm.supabase.co/rest/v1/stocks?columns=%22pe_ratio%22%2C%22region%22%2C%22recommendation%22%2C%22ipo_date%22%2C%22industry%22%2C%22currency%22%2C%22country%22%2C%22exchange%22%2C%22earnings_growth%22%2C%22sector%22%2C%22market_cap%22%2C%22revenue_growth%22%2C%22earnings_date%22%2C%22name%22%2C%22last_updated%22%2C%22dividend_yield%22%2C%22ticker%22%2C%22market_cap_tier%22 "HTTP/2 200 OK"
02:50:55 │ INFO    │ HTTP Request: POST https://oqgwwidykukkqcgvvsnm.supabase.co/rest/v1/price_history?columns=%22high%22%2C%22low%22%2C%22close%22%2C%22volume%22%2C%22adj_close%22%2C%22open%22%2C%22date%22%2C%22ticker%22 "HTTP/2 200 OK"
02:50:56 │ INFO    │ HTTP Request: POST https://oqgwwidykukkqcgvvsnm.supabase.co/rest/v1/price_history?columns=%22high%22%2C%22low%22%2C%22close%22%2C%22volume%22%2C%22adj_close%22%2C%22open%22%2C%22date%22%2C%22ticker%22 "HTTP/2 201 Created"
02:50:57 │ INFO    │ HTTP Request: POST https://oqgwwidykukkqcgvvsnm.supabase.co/rest/v1/price_history?columns=%22high%22%2C%22low%22%2C%22close%22%2C%22volume%22%2C%22adj_close%22%2C%22open%22%2C%22date%22%2C%22ticker%22 "HTTP/2 200 OK"
02:50:58 │ INFO    │ HTTP Request: POST https://oqgwwidykukkqcgvvsnm.supabase.co/rest/v1/price_history?columns=%22high%22%2C%22low%22%2C%22close%22%2C%22volume%22%2C%22adj_close%22%2C%22open%22%2C%22date%22%2C%22ticker%22 "HTTP/2 200 OK"
02:50:59 │ INFO    │ HTTP Request: POST https://oqgwwidykukkqcgvvsnm.supabase.co/rest/v1/price_history?columns=%22high%22%2C%22low%22%2C%22close%22%2C%22volume%22%2C%22adj_close%22%2C%22open%22%2C%22date%22%2C%22ticker%22 "HTTP/2 200 OK"
02:51:00 │ INFO    │ HTTP Request: POST https://oqgwwidykukkqcgvvsnm.supabase.co/rest/v1/price_history?columns=%22high%22%2C%22low%22%2C%22close%22%2C%22volume%22%2C%22adj_close%22%2C%22open%22%2C%22date%22%2C%22ticker%22 "HTTP/2 200 OK"
02:51:00 │ INFO    │ HTTP Request: POST https://oqgwwidykukkqcgvvsnm.supabase.co/rest/v1/price_history?columns=%22high%22%2C%22low%22%2C%22close%22%2C%22volume%22%2C%22adj_close%22%2C%22open%22%2C%22date%22%2C%22ticker%22 "HTTP/2 200 OK"
02:51:01 │ INFO    │ HTTP Request: POST https://oqgwwidykukkqcgvvsnm.supabase.co/rest/v1/price_history?columns=%22high%22%2C%22low%22%2C%22close%22%2C%22volume%22%2C%22adj_close%22%2C%22open%22%2C%22date%22%2C%22ticker%22 "HTTP/2 200 OK"
02:51:01 │ INFO    │ HTTP Request: POST https://oqgwwidykukkqcgvvsnm.supabase.co/rest/v1/price_history?columns=%22high%22%2C%22low%22%2C%22close%22%2C%22volume%22%2C%22adj_close%22%2C%22open%22%2C%22date%22%2C%22ticker%22 "HTTP/2 200 OK"
02:51:02 │ INFO    │ HTTP Request: POST https://oqgwwidykukkqcgvvsnm.supabase.co/rest/v1/price_history?columns=%22high%22%2C%22low%22%2C%22close%22%2C%22volume%22%2C%22adj_close%22%2C%22open%22%2C%22date%22%2C%22ticker%22 "HTTP/2 200 OK"
02:51:02 │ INFO    │ HTTP Request: POST https://oqgwwidykukkqcgvvsnm.supabase.co/rest/v1/price_history?columns=%22high%22%2C%22low%22%2C%22close%22%2C%22volume%22%2C%22adj_close%22%2C%22open%22%2C%22date%22%2C%22ticker%22 "HTTP/2 200 OK"
02:51:03 │ INFO    │ HTTP Request: POST https://oqgwwidykukkqcgvvsnm.supabase.co/rest/v1/price_history?columns=%22high%22%2C%22low%22%2C%22close%22%2C%22volume%22%2C%22adj_close%22%2C%22open%22%2C%22date%22%2C%22ticker%22 "HTTP/2 200 OK"
02:51:04 │ INFO    │ HTTP Request: POST https://oqgwwidykukkqcgvvsnm.supabase.co/rest/v1/price_history?columns=%22high%22%2C%22low%22%2C%22close%22%2C%22volume%22%2C%22adj_close%22%2C%22open%22%2C%22date%22%2C%22ticker%22 "HTTP/2 200 OK"
02:51:04 │ INFO    │ HTTP Request: POST https://oqgwwidykukkqcgvvsnm.supabase.co/rest/v1/price_history?columns=%22high%22%2C%22low%22%2C%22close%22%2C%22volume%22%2C%22adj_close%22%2C%22open%22%2C%22date%22%2C%22ticker%22 "HTTP/2 200 OK"
02:51:05 │ INFO    │ HTTP Request: POST https://oqgwwidykukkqcgvvsnm.supabase.co/rest/v1/price_history?columns=%22high%22%2C%22low%22%2C%22close%22%2C%22volume%22%2C%22adj_close%22%2C%22open%22%2C%22date%22%2C%22ticker%22 "HTTP/2 200 OK"
02:51:05 │ INFO    │ HTTP Request: POST https://oqgwwidykukkqcgvvsnm.supabase.co/rest/v1/price_history?columns=%22high%22%2C%22low%22%2C%22close%22%2C%22volume%22%2C%22adj_close%22%2C%22open%22%2C%22date%22%2C%22ticker%22 "HTTP/2 200 OK"
02:51:06 │ INFO    │ HTTP Request: POST https://oqgwwidykukkqcgvvsnm.supabase.co/rest/v1/price_history?columns=%22high%22%2C%22low%22%2C%22close%22%2C%22volume%22%2C%22adj_close%22%2C%22open%22%2C%22date%22%2C%22ticker%22 "HTTP/2 200 OK"
02:51:06 │ INFO    │ HTTP Request: POST https://oqgwwidykukkqcgvvsnm.supabase.co/rest/v1/price_history?columns=%22high%22%2C%22low%22%2C%22close%22%2C%22volume%22%2C%22adj_close%22%2C%22open%22%2C%22date%22%2C%22ticker%22 "HTTP/2 200 OK"
02:51:07 │ INFO    │ HTTP Request: POST https://oqgwwidykukkqcgvvsnm.supabase.co/rest/v1/price_history?columns=%22high%22%2C%22low%22%2C%22close%22%2C%22volume%22%2C%22adj_close%22%2C%22open%22%2C%22date%22%2C%22ticker%22 "HTTP/2 200 OK"
02:51:08 │ INFO    │ HTTP Request: POST https://oqgwwidykukkqcgvvsnm.supabase.co/rest/v1/price_history?columns=%22high%22%2C%22low%22%2C%22close%22%2C%22volume%22%2C%22adj_close%22%2C%22open%22%2C%22date%22%2C%22ticker%22 "HTTP/2 200 OK"
02:51:08 │ INFO    │ HTTP Request: POST https://oqgwwidykukkqcgvvsnm.supabase.co/rest/v1/price_history?columns=%22high%22%2C%22low%22%2C%22close%22%2C%22volume%22%2C%22adj_close%22%2C%22open%22%2C%22date%22%2C%22ticker%22 "HTTP/2 200 OK"
02:51:09 │ INFO    │ HTTP Request: POST https://oqgwwidykukkqcgvvsnm.supabase.co/rest/v1/price_history?columns=%22high%22%2C%22low%22%2C%22close%22%2C%22volume%22%2C%22adj_close%22%2C%22open%22%2C%22date%22%2C%22ticker%22 "HTTP/2 200 OK"
02:51:09 │ INFO    │ HTTP Request: POST https://oqgwwidykukkqcgvvsnm.supabase.co/rest/v1/gains?columns=%22start_price%22%2C%22high_52w%22%2C%22start_date%22%2C%22vs_sector%22%2C%22above_ma_200%22%2C%22end_date%22%2C%22pct_from_52w_high%22%2C%22gain_streak%22%2C%22sharpe_ratio%22%2C%22ticker%22%2C%22vs_country%22%2C%22volatility_30d%22%2C%22pct_from_52w_low%22%2C%22max_drawdown%22%2C%22pct_change%22%2C%22pct_change_usd%22%2C%22volume_ratio%22%2C%22avg_volume%22%2C%22low_52w%22%2C%22rsi_14%22%2C%22ma_50%22%2C%22at_52w_high%22%2C%22abs_change%22%2C%22above_ma_50%22%2C%22period%22%2C%22at_52w_low%22%2C%22sector_avg_change%22%2C%22ma_200%22%2C%22country_avg_change%22%2C%22end_price%22%2C%22recent_volume%22 "HTTP/2 201 Created"
02:51:10 │ INFO    │ Processing batch 2/316 (50 tickers) ... [49 successful so far]
02:51:53 │ INFO    │ HTTP Request: POST https://oqgwwidykukkqcgvvsnm.supabase.co/rest/v1/stocks?columns=%22pe_ratio%22%2C%22region%22%2C%22recommendation%22%2C%22ipo_date%22%2C%22industry%22%2C%22currency%22%2C%22country%22%2C%22exchange%22%2C%22earnings_growth%22%2C%22sector%22%2C%22market_cap%22%2C%22revenue_growth%22%2C%22earnings_date%22%2C%22name%22%2C%22last_updated%22%2C%22dividend_yield%22%2C%22ticker%22%2C%22market_cap_tier%22 "HTTP/2 200 OK"
02:51:54 │ INFO    │ HTTP Request: POST https://oqgwwidykukkqcgvvsnm.supabase.co/rest/v1/price_history?columns=%22high%22%2C%22low%22%2C%22close%22%2C%22volume%22%2C%22adj_close%22%2C%22open%22%2C%22date%22%2C%22ticker%22 "HTTP/2 200 OK"
02:51:55 │ INFO    │ HTTP Request: POST https://oqgwwidykukkqcgvvsnm.supabase.co/rest/v1/price_history?columns=%22high%22%2C%22low%22%2C%22close%22%2C%22volume%22%2C%22adj_close%22%2C%22open%22%2C%22date%22%2C%22ticker%22 "HTTP/2 200 OK"
02:51:55 │ INFO    │ HTTP Request: POST https://oqgwwidykukkqcgvvsnm.supabase.co/rest/v1/price_history?columns=%22high%22%2C%22low%22%2C%22close%22%2C%22volume%22%2C%22adj_close%22%2C%22open%22%2C%22date%22%2C%22ticker%22 "HTTP/2 200 OK"
02:51:56 │ INFO    │ HTTP Request: POST https://oqgwwidykukkqcgvvsnm.supabase.co/rest/v1/price_history?columns=%22high%22%2C%22low%22%2C%22close%22%2C%22volume%22%2C%22adj_close%22%2C%22open%22%2C%22date%22%2C%22ticker%22 "HTTP/2 200 OK"
02:51:56 │ INFO    │ HTTP Request: POST https://oqgwwidykukkqcgvvsnm.supabase.co/rest/v1/price_history?columns=%22high%22%2C%22low%22%2C%22close%22%2C%22volume%22%2C%22adj_close%22%2C%22open%22%2C%22date%22%2C%22ticker%22 "HTTP/2 200 OK"
02:51:57 │ INFO    │ HTTP Request: POST https://oqgwwidykukkqcgvvsnm.supabase.co/rest/v1/price_history?columns=%22high%22%2C%22low%22%2C%22close%22%2C%22volume%22%2C%22adj_close%22%2C%22open%22%2C%22date%22%2C%22ticker%22 "HTTP/2 200 OK"
02:51:58 │ INFO    │ HTTP Request: POST https://oqgwwidykukkqcgvvsnm.supabase.co/rest/v1/price_history?columns=%22high%22%2C%22low%22%2C%22close%22%2C%22volume%22%2C%22adj_close%22%2C%22open%22%2C%22date%22%2C%22ticker%22 "HTTP/2 200 OK"
02:51:58 │ INFO    │ HTTP Request: POST https://oqgwwidykukkqcgvvsnm.supabase.co/rest/v1/price_history?columns=%22high%22%2C%22low%22%2C%22close%22%2C%22volume%22%2C%22adj_close%22%2C%22open%22%2C%22date%22%2C%22ticker%22 "HTTP/2 200 OK"
02:51:59 │ INFO    │ HTTP Request: POST https://oqgwwidykukkqcgvvsnm.supabase.co/rest/v1/price_history?columns=%22high%22%2C%22low%22%2C%22close%22%2C%22volume%22%2C%22adj_close%22%2C%22open%22%2C%22date%22%2C%22ticker%22 "HTTP/2 200 OK"
02:51:59 │ INFO    │ HTTP Request: POST https://oqgwwidykukkqcgvvsnm.supabase.co/rest/v1/price_history?columns=%22high%22%2C%22low%22%2C%22close%22%2C%22volume%22%2C%22adj_close%22%2C%22open%22%2C%22date%22%2C%22ticker%22 "HTTP/2 200 OK"
02:52:00 │ INFO    │ HTTP Request: POST https://oqgwwidykukkqcgvvsnm.supabase.co/rest/v1/price_history?columns=%22high%22%2C%22low%22%2C%22close%22%2C%22volume%22%2C%22adj_close%22%2C%22open%22%2C%22date%22%2C%22ticker%22 "HTTP/2 200 OK"
02:52:00 │ INFO    │ HTTP Request: POST https://oqgwwidykukkqcgvvsnm.supabase.co/rest/v1/price_history?columns=%22high%22%2C%22low%22%2C%22close%22%2C%22volume%22%2C%22adj_close%22%2C%22open%22%2C%22date%22%2C%22ticker%22 "HTTP/2 200 OK"
02:52:01 │ INFO    │ HTTP Request: POST https://oqgwwidykukkqcgvvsnm.supabase.co/rest/v1/price_history?columns=%22high%22%2C%22low%22%2C%22close%22%2C%22volume%22%2C%22adj_close%22%2C%22open%22%2C%22date%22%2C%22ticker%22 "HTTP/2 200 OK"
02:52:01 │ INFO    │ HTTP Request: POST https://oqgwwidykukkqcgvvsnm.supabase.co/rest/v1/price_history?columns=%22high%22%2C%22low%22%2C%22close%22%2C%22volume%22%2C%22adj_close%22%2C%22open%22%2C%22date%22%2C%22ticker%22 "HTTP/2 200 OK"
02:52:02 │ INFO    │ HTTP Request: POST https://oqgwwidykukkqcgvvsnm.supabase.co/rest/v1/price_history?columns=%22high%22%2C%22low%22%2C%22close%22%2C%22volume%22%2C%22adj_close%22%2C%22open%22%2C%22date%22%2C%22ticker%22 "HTTP/2 200 OK"
02:52:02 │ INFO    │ HTTP Request: POST https://oqgwwidykukkqcgvvsnm.supabase.co/rest/v1/price_history?columns=%22high%22%2C%22low%22%2C%22close%22%2C%22volume%22%2C%22adj_close%22%2C%22open%22%2C%22date%22%2C%22ticker%22 "HTTP/2 200 OK"
02:52:03 │ INFO    │ HTTP Request: POST https://oqgwwidykukkqcgvvsnm.supabase.co/rest/v1/price_history?columns=%22high%22%2C%22low%22%2C%22close%22%2C%22volume%22%2C%22adj_close%22%2C%22open%22%2C%22date%22%2C%22ticker%22 "HTTP/2 200 OK"
02:52:04 │ INFO    │ HTTP Request: POST https://oqgwwidykukkqcgvvsnm.supabase.co/rest/v1/price_history?columns=%22high%22%2C%22low%22%2C%22close%22%2C%22volume%22%2C%22adj_close%22%2C%22open%22%2C%22date%22%2C%22ticker%22 "HTTP/2 200 OK"
02:52:04 │ INFO    │ HTTP Request: POST https://oqgwwidykukkqcgvvsnm.supabase.co/rest/v1/price_history?columns=%22high%22%2C%22low%22%2C%22close%22%2C%22volume%22%2C%22adj_close%22%2C%22open%22%2C%22date%22%2C%22ticker%22 "HTTP/2 200 OK"
02:52:05 │ INFO    │ HTTP Request: POST https://oqgwwidykukkqcgvvsnm.supabase.co/rest/v1/price_history?columns=%22high%22%2C%22low%22%2C%22close%22%2C%22volume%22%2C%22adj_close%22%2C%22open%22%2C%22date%22%2C%22ticker%22 "HTTP/2 200 OK"
02:52:06 │ INFO    │ HTTP Request: POST https://oqgwwidykukkqcgvvsnm.supabase.co/rest/v1/price_history?columns=%22high%22%2C%22low%22%2C%22close%22%2C%22volume%22%2C%22adj_close%22%2C%22open%22%2C%22date%22%2C%22ticker%22 "HTTP/2 200 OK"
02:52:07 │ INFO    │ HTTP Request: POST https://oqgwwidykukkqcgvvsnm.supabase.co/rest/v1/price_history?columns=%22high%22%2C%22low%22%2C%22close%22%2C%22volume%22%2C%22adj_close%22%2C%22open%22%2C%22date%22%2C%22ticker%22 "HTTP/2 200 OK"
02:52:08 │ INFO    │ HTTP Request: POST https://oqgwwidykukkqcgvvsnm.supabase.co/rest/v1/price_history?columns=%22high%22%2C%22low%22%2C%22close%22%2C%22volume%22%2C%22adj_close%22%2C%22open%22%2C%22date%22%2C%22ticker%22 "HTTP/2 200 OK"
02:52:09 │ INFO    │ HTTP Request: POST https://oqgwwidykukkqcgvvsnm.supabase.co/rest/v1/price_history?columns=%22high%22%2C%22low%22%2C%22close%22%2C%22volume%22%2C%22adj_close%22%2C%22open%22%2C%22date%22%2C%22ticker%22 "HTTP/2 200 OK"
02:52:09 │ INFO    │ HTTP Request: POST https://oqgwwidykukkqcgvvsnm.supabase.co/rest/v1/price_history?columns=%22high%22%2C%22low%22%2C%22close%22%2C%22volume%22%2C%22adj_close%22%2C%22open%22%2C%22date%22%2C%22ticker%22 "HTTP/2 200 OK"
02:52:10 │ INFO    │ HTTP Request: POST https://oqgwwidykukkqcgvvsnm.supabase.co/rest/v1/price_history?columns=%22high%22%2C%22low%22%2C%22close%22%2C%22volume%22%2C%22adj_close%22%2C%22open%22%2C%22date%22%2C%22ticker%22 "HTTP/2 200 OK"
02:52:10 │ INFO    │ HTTP Request: POST https://oqgwwidykukkqcgvvsnm.supabase.co/rest/v1/price_history?columns=%22high%22%2C%22low%22%2C%22close%22%2C%22volume%22%2C%22adj_close%22%2C%22open%22%2C%22date%22%2C%22ticker%22 "HTTP/2 200 OK"
02:52:11 │ INFO    │ HTTP Request: POST https://oqgwwidykukkqcgvvsnm.supabase.co/rest/v1/gains?columns=%22start_price%22%2C%22high_52w%22%2C%22start_date%22%2C%22vs_sector%22%2C%22above_ma_200%22%2C%22end_date%22%2C%22pct_from_52w_high%22%2C%22gain_streak%22%2C%22sharpe_ratio%22%2C%22ticker%22%2C%22vs_country%22%2C%22volatility_30d%22%2C%22pct_from_52w_low%22%2C%22max_drawdown%22%2C%22pct_change%22%2C%22pct_change_usd%22%2C%22volume_ratio%22%2C%22avg_volume%22%2C%22low_52w%22%2C%22rsi_14%22%2C%22ma_50%22%2C%22at_52w_high%22%2C%22abs_change%22%2C%22above_ma_50%22%2C%22period%22%2C%22at_52w_low%22%2C%22sector_avg_change%22%2C%22ma_200%22%2C%22country_avg_change%22%2C%22end_price%22%2C%22recent_volume%22 "HTTP/2 201 Created"
02:52:12 │ INFO    │ Processing batch 3/316 (50 tickers) ... [98 successful so far]
02:52:52 │ INFO    │ HTTP Request: POST https://oqgwwidykukkqcgvvsnm.supabase.co/rest/v1/stocks?columns=%22pe_ratio%22%2C%22region%22%2C%22recommendation%22%2C%22ipo_date%22%2C%22industry%22%2C%22currency%22%2C%22country%22%2C%22exchange%22%2C%22earnings_growth%22%2C%22sector%22%2C%22market_cap%22%2C%22revenue_growth%22%2C%22earnings_date%22%2C%22name%22%2C%22last_updated%22%2C%22dividend_yield%22%2C%22ticker%22%2C%22market_cap_tier%22 "HTTP/2 200 OK"
02:52:53 │ INFO    │ HTTP Request: POST https://oqgwwidykukkqcgvvsnm.supabase.co/rest/v1/price_history?columns=%22high%22%2C%22low%22%2C%22close%22%2C%22volume%22%2C%22adj_close%22%2C%22open%22%2C%22date%22%2C%22ticker%22 "HTTP/2 200 OK"
02:52:54 │ INFO    │ HTTP Request: POST https://oqgwwidykukkqcgvvsnm.supabase.co/rest/v1/price_history?columns=%22high%22%2C%22low%22%2C%22close%22%2C%22volume%22%2C%22adj_close%22%2C%22open%22%2C%22date%22%2C%22ticker%22 "HTTP/2 200 OK"
02:52:54 │ INFO    │ HTTP Request: POST https://oqgwwidykukkqcgvvsnm.supabase.co/rest/v1/price_history?columns=%22high%22%2C%22low%22%2C%22close%22%2C%22volume%22%2C%22adj_close%22%2C%22open%22%2C%22date%22%2C%22ticker%22 "HTTP/2 200 OK"
02:52:55 │ INFO    │ HTTP Request: POST https://oqgwwidykukkqcgvvsnm.supabase.co/rest/v1/price_history?columns=%22high%22%2C%22low%22%2C%22close%22%2C%22volume%22%2C%22adj_close%22%2C%22open%22%2C%22date%22%2C%22ticker%22 "HTTP/2 200 OK"
02:52:56 │ INFO    │ HTTP Request: POST https://oqgwwidykukkqcgvvsnm.supabase.co/rest/v1/price_history?columns=%22high%22%2C%22low%22%2C%22close%22%2C%22volume%22%2C%22adj_close%22%2C%22open%22%2C%22date%22%2C%22ticker%22 "HTTP/2 200 OK"
02:52:56 │ INFO    │ HTTP Request: POST https://oqgwwidykukkqcgvvsnm.supabase.co/rest/v1/price_history?columns=%22high%22%2C%22low%22%2C%22close%22%2C%22volume%22%2C%22adj_close%22%2C%22open%22%2C%22date%22%2C%22ticker%22 "HTTP/2 200 OK"
02:52:57 │ INFO    │ HTTP Request: POST https://oqgwwidykukkqcgvvsnm.supabase.co/rest/v1/price_history?columns=%22high%22%2C%22low%22%2C%22close%22%2C%22volume%22%2C%22adj_close%22%2C%22open%22%2C%22date%22%2C%22ticker%22 "HTTP/2 200 OK"
02:52:58 │ INFO    │ HTTP Request: POST https://oqgwwidykukkqcgvvsnm.supabase.co/rest/v1/price_history?columns=%22high%22%2C%22low%22%2C%22close%22%2C%22volume%22%2C%22adj_close%22%2C%22open%22%2C%22date%22%2C%22ticker%22 "HTTP/2 200 OK"
02:52:58 │ INFO    │ HTTP Request: POST https://oqgwwidykukkqcgvvsnm.supabase.co/rest/v1/price_history?columns=%22high%22%2C%22low%22%2C%22close%22%2C%22volume%22%2C%22adj_close%22%2C%22open%22%2C%22date%22%2C%22ticker%22 "HTTP/2 200 OK"
02:52:59 │ INFO    │ HTTP Request: POST https://oqgwwidykukkqcgvvsnm.supabase.co/rest/v1/price_history?columns=%22high%22%2C%22low%22%2C%22close%22%2C%22volume%22%2C%22adj_close%22%2C%22open%22%2C%22date%22%2C%22ticker%22 "HTTP/2 200 OK"
02:53:00 │ INFO    │ HTTP Request: POST https://oqgwwidykukkqcgvvsnm.supabase.co/rest/v1/price_history?columns=%22high%22%2C%22low%22%2C%22close%22%2C%22volume%22%2C%22adj_close%22%2C%22open%22%2C%22date%22%2C%22ticker%22 "HTTP/2 200 OK"
02:53:01 │ INFO    │ HTTP Request: POST https://oqgwwidykukkqcgvvsnm.supabase.co/rest/v1/price_history?columns=%22high%22%2C%22low%22%2C%22close%22%2C%22volume%22%2C%22adj_close%22%2C%22open%22%2C%22date%22%2C%22ticker%22 "HTTP/2 201 Created"
02:53:01 │ INFO    │ HTTP Request: POST https://oqgwwidykukkqcgvvsnm.supabase.co/rest/v1/price_history?columns=%22high%22%2C%22low%22%2C%22close%22%2C%22volume%22%2C%22adj_close%22%2C%22open%22%2C%22date%22%2C%22ticker%22 "HTTP/2 200 OK"
02:53:02 │ INFO    │ HTTP Request: POST https://oqgwwidykukkqcgvvsnm.supabase.co/rest/v1/price_history?columns=%22high%22%2C%22low%22%2C%22close%22%2C%22volume%22%2C%22adj_close%22%2C%22open%22%2C%22date%22%2C%22ticker%22 "HTTP/2 200 OK"
02:53:03 │ INFO    │ HTTP Request: POST https://oqgwwidykukkqcgvvsnm.supabase.co/rest/v1/price_history?columns=%22high%22%2C%22low%22%2C%22close%22%2C%22volume%22%2C%22adj_close%22%2C%22open%22%2C%22date%22%2C%22ticker%22 "HTTP/2 200 OK"
02:53:03 │ INFO    │ HTTP Request: POST https://oqgwwidykukkqcgvvsnm.supabase.co/rest/v1/price_history?columns=%22high%22%2C%22low%22%2C%22close%22%2C%22volume%22%2C%22adj_close%22%2C%22open%22%2C%22date%22%2C%22ticker%22 "HTTP/2 200 OK"
02:53:04 │ INFO    │ HTTP Request: POST https://oqgwwidykukkqcgvvsnm.supabase.co/rest/v1/price_history?columns=%22high%22%2C%22low%22%2C%22close%22%2C%22volume%22%2C%22adj_close%22%2C%22open%22%2C%22date%22%2C%22ticker%22 "HTTP/2 200 OK"
02:53:05 │ INFO    │ HTTP Request: POST https://oqgwwidykukkqcgvvsnm.supabase.co/rest/v1/price_history?columns=%22high%22%2C%22low%22%2C%22close%22%2C%22volume%22%2C%22adj_close%22%2C%22open%22%2C%22date%22%2C%22ticker%22 "HTTP/2 200 OK"
02:53:05 │ INFO    │ HTTP Request: POST https://oqgwwidykukkqcgvvsnm.supabase.co/rest/v1/price_history?columns=%22high%22%2C%22low%22%2C%22close%22%2C%22volume%22%2C%22adj_close%22%2C%22open%22%2C%22date%22%2C%22ticker%22 "HTTP/2 200 OK"
02:53:06 │ INFO    │ HTTP Request: POST https://oqgwwidykukkqcgvvsnm.supabase.co/rest/v1/price_history?columns=%22high%22%2C%22low%22%2C%22close%22%2C%22volume%22%2C%22adj_close%22%2C%22open%22%2C%22date%22%2C%22ticker%22 "HTTP/2 200 OK"
02:53:06 │ INFO    │ HTTP Request: POST https://oqgwwidykukkqcgvvsnm.supabase.co/rest/v1/price_history?columns=%22high%22%2C%22low%22%2C%22close%22%2C%22volume%22%2C%22adj_close%22%2C%22open%22%2C%22date%22%2C%22ticker%22 "HTTP/2 200 OK"
02:53:07 │ INFO    │ HTTP Request: POST https://oqgwwidykukkqcgvvsnm.supabase.co/rest/v1/price_history?columns=%22high%22%2C%22low%22%2C%22close%22%2C%22volume%22%2C%22adj_close%22%2C%22open%22%2C%22date%22%2C%22ticker%22 "HTTP/2 200 OK"
02:53:08 │ INFO    │ HTTP Request: POST https://oqgwwidykukkqcgvvsnm.supabase.co/rest/v1/price_history?columns=%22high%22%2C%22low%22%2C%22close%22%2C%22volume%22%2C%22adj_close%22%2C%22open%22%2C%22date%22%2C%22ticker%22 "HTTP/2 200 OK"
02:53:08 │ INFO    │ HTTP Request: POST https://oqgwwidykukkqcgvvsnm.supabase.co/rest/v1/price_history?columns=%22high%22%2C%22low%22%2C%22close%22%2C%22volume%22%2C%22adj_close%22%2C%22open%22%2C%22date%22%2C%22ticker%22 "HTTP/2 200 OK"
02:53:09 │ INFO    │ HTTP Request: POST https://oqgwwidykukkqcgvvsnm.supabase.co/rest/v1/price_history?columns=%22high%22%2C%22low%22%2C%22close%22%2C%22volume%22%2C%22adj_close%22%2C%22open%22%2C%22date%22%2C%22ticker%22 "HTTP/2 200 OK"
02:53:10 │ INFO    │ HTTP Request: POST https://oqgwwidykukkqcgvvsnm.supabase.co/rest/v1/price_history?columns=%22high%22%2C%22low%22%2C%22close%22%2C%22volume%22%2C%22adj_close%22%2C%22open%22%2C%22date%22%2C%22ticker%22 "HTTP/2 200 OK"
02:53:11 │ INFO    │ HTTP Request: POST https://oqgwwidykukkqcgvvsnm.supabase.co/rest/v1/price_history?columns=%22high%22%2C%22low%22%2C%22close%22%2C%22volume%22%2C%22adj_close%22%2C%22open%22%2C%22date%22%2C%22ticker%22 "HTTP/2 200 OK"
02:53:11 │ INFO    │ HTTP Request: POST https://oqgwwidykukkqcgvvsnm.supabase.co/rest/v1/gains?columns=%22start_price%22%2C%22high_52w%22%2C%22start_date%22%2C%22vs_sector%22%2C%22above_ma_200%22%2C%22end_date%22%2C%22pct_from_52w_high%22%2C%22gain_streak%22%2C%22sharpe_ratio%22%2C%22ticker%22%2C%22vs_country%22%2C%22volatility_30d%22%2C%22pct_from_52w_low%22%2C%22max_drawdown%22%2C%22pct_change%22%2C%22pct_change_usd%22%2C%22volume_ratio%22%2C%22avg_volume%22%2C%22low_52w%22%2C%22rsi_14%22%2C%22ma_50%22%2C%22at_52w_high%22%2C%22abs_change%22%2C%22above_ma_50%22%2C%22period%22%2C%22at_52w_low%22%2C%22sector_avg_change%22%2C%22ma_200%22%2C%22country_avg_change%22%2C%22end_price%22%2C%22recent_volume%22 "HTTP/2 201 Created"
02:53:12 │ INFO    │ Processing batch 4/316 (50 tickers) ... [146 successful so far]
02:53:55 │ INFO    │ HTTP Request: POST https://oqgwwidykukkqcgvvsnm.supabase.co/rest/v1/stocks?columns=%22pe_ratio%22%2C%22region%22%2C%22recommendation%22%2C%22ipo_date%22%2C%22industry%22%2C%22currency%22%2C%22country%22%2C%22exchange%22%2C%22earnings_growth%22%2C%22sector%22%2C%22market_cap%22%2C%22revenue_growth%22%2C%22earnings_date%22%2C%22name%22%2C%22last_updated%22%2C%22dividend_yield%22%2C%22ticker%22%2C%22market_cap_tier%22 "HTTP/2 200 OK"
02:53:56 │ INFO    │ HTTP Request: POST https://oqgwwidykukkqcgvvsnm.supabase.co/rest/v1/price_history?columns=%22high%22%2C%22low%22%2C%22close%22%2C%22volume%22%2C%22adj_close%22%2C%22open%22%2C%22date%22%2C%22ticker%22 "HTTP/2 200 OK"
02:53:57 │ INFO    │ HTTP Request: POST https://oqgwwidykukkqcgvvsnm.supabase.co/rest/v1/price_history?columns=%22high%22%2C%22low%22%2C%22close%22%2C%22volume%22%2C%22adj_close%22%2C%22open%22%2C%22date%22%2C%22ticker%22 "HTTP/2 200 OK"
02:53:58 │ INFO    │ HTTP Request: POST https://oqgwwidykukkqcgvvsnm.supabase.co/rest/v1/price_history?columns=%22high%22%2C%22low%22%2C%22close%22%2C%22volume%22%2C%22adj_close%22%2C%22open%22%2C%22date%22%2C%22ticker%22 "HTTP/2 200 OK"
02:53:59 │ INFO    │ HTTP Request: POST https://oqgwwidykukkqcgvvsnm.supabase.co/rest/v1/price_history?columns=%22high%22%2C%22low%22%2C%22close%22%2C%22volume%22%2C%22adj_close%22%2C%22open%22%2C%22date%22%2C%22ticker%22 "HTTP/2 200 OK"
02:53:59 │ INFO    │ HTTP Request: POST https://oqgwwidykukkqcgvvsnm.supabase.co/rest/v1/price_history?columns=%22high%22%2C%22low%22%2C%22close%22%2C%22volume%22%2C%22adj_close%22%2C%22open%22%2C%22date%22%2C%22ticker%22 "HTTP/2 200 OK"
02:54:00 │ INFO    │ HTTP Request: POST https://oqgwwidykukkqcgvvsnm.supabase.co/rest/v1/price_history?columns=%22high%22%2C%22low%22%2C%22close%22%2C%22volume%22%2C%22adj_close%22%2C%22open%22%2C%22date%22%2C%22ticker%22 "HTTP/2 201 Created"
02:54:01 │ INFO    │ HTTP Request: POST https://oqgwwidykukkqcgvvsnm.supabase.co/rest/v1/price_history?columns=%22high%22%2C%22low%22%2C%22close%22%2C%22volume%22%2C%22adj_close%22%2C%22open%22%2C%22date%22%2C%22ticker%22 "HTTP/2 200 OK"
02:54:01 │ INFO    │ HTTP Request: POST https://oqgwwidykukkqcgvvsnm.supabase.co/rest/v1/price_history?columns=%22high%22%2C%22low%22%2C%22close%22%2C%22volume%22%2C%22adj_close%22%2C%22open%22%2C%22date%22%2C%22ticker%22 "HTTP/2 200 OK"
02:54:03 │ INFO    │ HTTP Request: POST https://oqgwwidykukkqcgvvsnm.supabase.co/rest/v1/price_history?columns=%22high%22%2C%22low%22%2C%22close%22%2C%22volume%22%2C%22adj_close%22%2C%22open%22%2C%22date%22%2C%22ticker%22 "HTTP/2 200 OK"
02:54:04 │ INFO    │ HTTP Request: POST https://oqgwwidykukkqcgvvsnm.supabase.co/rest/v1/price_history?columns=%22high%22%2C%22low%22%2C%22close%22%2C%22volume%22%2C%22adj_close%22%2C%22open%22%2C%22date%22%2C%22ticker%22 "HTTP/2 200 OK"
02:54:04 │ INFO    │ HTTP Request: POST https://oqgwwidykukkqcgvvsnm.supabase.co/rest/v1/price_history?columns=%22high%22%2C%22low%22%2C%22close%22%2C%22volume%22%2C%22adj_close%22%2C%22open%22%2C%22date%22%2C%22ticker%22 "HTTP/2 200 OK"
02:54:05 │ INFO    │ HTTP Request: POST https://oqgwwidykukkqcgvvsnm.supabase.co/rest/v1/price_history?columns=%22high%22%2C%22low%22%2C%22close%22%2C%22volume%22%2C%22adj_close%22%2C%22open%22%2C%22date%22%2C%22ticker%22 "HTTP/2 200 OK"
02:54:06 │ INFO    │ HTTP Request: POST https://oqgwwidykukkqcgvvsnm.supabase.co/rest/v1/price_history?columns=%22high%22%2C%22low%22%2C%22close%22%2C%22volume%22%2C%22adj_close%22%2C%22open%22%2C%22date%22%2C%22ticker%22 "HTTP/2 200 OK"
02:54:07 │ INFO    │ HTTP Request: POST https://oqgwwidykukkqcgvvsnm.supabase.co/rest/v1/price_history?columns=%22high%22%2C%22low%22%2C%22close%22%2C%22volume%22%2C%22adj_close%22%2C%22open%22%2C%22date%22%2C%22ticker%22 "HTTP/2 200 OK"
02:54:08 │ INFO    │ HTTP Request: POST https://oqgwwidykukkqcgvvsnm.supabase.co/rest/v1/price_history?columns=%22high%22%2C%22low%22%2C%22close%22%2C%22volume%22%2C%22adj_close%22%2C%22open%22%2C%22date%22%2C%22ticker%22 "HTTP/2 200 OK"
02:54:10 │ INFO    │ HTTP Request: POST https://oqgwwidykukkqcgvvsnm.supabase.co/rest/v1/price_history?columns=%22high%22%2C%22low%22%2C%22close%22%2C%22volume%22%2C%22adj_close%22%2C%22open%22%2C%22date%22%2C%22ticker%22 "HTTP/2 201 Created"
02:54:11 │ INFO    │ HTTP Request: POST https://oqgwwidykukkqcgvvsnm.supabase.co/rest/v1/price_history?columns=%22high%22%2C%22low%22%2C%22close%22%2C%22volume%22%2C%22adj_close%22%2C%22open%22%2C%22date%22%2C%22ticker%22 "HTTP/2 200 OK"
02:54:11 │ INFO    │ HTTP Request: POST https://oqgwwidykukkqcgvvsnm.supabase.co/rest/v1/price_history?columns=%22high%22%2C%22low%22%2C%22close%22%2C%22volume%22%2C%22adj_close%22%2C%22open%22%2C%22date%22%2C%22ticker%22 "HTTP/2 200 OK"
02:54:12 │ INFO    │ HTTP Request: POST https://oqgwwidykukkqcgvvsnm.supabase.co/rest/v1/price_history?columns=%22high%22%2C%22low%22%2C%22close%22%2C%22volume%22%2C%22adj_close%22%2C%22open%22%2C%22date%22%2C%22ticker%22 "HTTP/2 200 OK"
02:54:13 │ INFO    │ HTTP Request: POST https://oqgwwidykukkqcgvvsnm.supabase.co/rest/v1/price_history?columns=%22high%22%2C%22low%22%2C%22close%22%2C%22volume%22%2C%22adj_close%22%2C%22open%22%2C%22date%22%2C%22ticker%22 "HTTP/2 200 OK"
02:54:14 │ INFO    │ HTTP Request: POST https://oqgwwidykukkqcgvvsnm.supabase.co/rest/v1/price_history?columns=%22high%22%2C%22low%22%2C%22close%22%2C%22volume%22%2C%22adj_close%22%2C%22open%22%2C%22date%22%2C%22ticker%22 "HTTP/2 200 OK"
02:54:14 │ INFO    │ HTTP Request: POST https://oqgwwidykukkqcgvvsnm.supabase.co/rest/v1/price_history?columns=%22high%22%2C%22low%22%2C%22close%22%2C%22volume%22%2C%22adj_close%22%2C%22open%22%2C%22date%22%2C%22ticker%22 "HTTP/2 200 OK"
02:54:15 │ INFO    │ HTTP Request: POST https://oqgwwidykukkqcgvvsnm.supabase.co/rest/v1/price_history?columns=%22high%22%2C%22low%22%2C%22close%22%2C%22volume%22%2C%22adj_close%22%2C%22open%22%2C%22date%22%2C%22ticker%22 "HTTP/2 200 OK"
02:54:16 │ INFO    │ HTTP Request: POST https://oqgwwidykukkqcgvvsnm.supabase.co/rest/v1/price_history?columns=%22high%22%2C%22low%22%2C%22close%22%2C%22volume%22%2C%22adj_close%22%2C%22open%22%2C%22date%22%2C%22ticker%22 "HTTP/2 200 OK"
02:54:16 │ INFO    │ HTTP Request: POST https://oqgwwidykukkqcgvvsnm.supabase.co/rest/v1/price_history?columns=%22high%22%2C%22low%22%2C%22close%22%2C%22volume%22%2C%22adj_close%22%2C%22open%22%2C%22date%22%2C%22ticker%22 "HTTP/2 200 OK"
02:54:17 │ INFO    │ HTTP Request: POST https://oqgwwidykukkqcgvvsnm.supabase.co/rest/v1/gains?columns=%22start_price%22%2C%22high_52w%22%2C%22start_date%22%2C%22vs_sector%22%2C%22above_ma_200%22%2C%22end_date%22%2C%22pct_from_52w_high%22%2C%22gain_streak%22%2C%22sharpe_ratio%22%2C%22ticker%22%2C%22vs_country%22%2C%22volatility_30d%22%2C%22pct_from_52w_low%22%2C%22max_drawdown%22%2C%22pct_change%22%2C%22pct_change_usd%22%2C%22volume_ratio%22%2C%22avg_volume%22%2C%22low_52w%22%2C%22rsi_14%22%2C%22ma_50%22%2C%22at_52w_high%22%2C%22abs_change%22%2C%22above_ma_50%22%2C%22period%22%2C%22at_52w_low%22%2C%22sector_avg_change%22%2C%22ma_200%22%2C%22country_avg_change%22%2C%22end_price%22%2C%22recent_volume%22 "HTTP/2 201 Created"
02:54:17 │ INFO    │ Processing batch 5/316 (50 tickers) ... [192 successful so far]
02:54:59 │ INFO    │ HTTP Request: POST https://oqgwwidykukkqcgvvsnm.supabase.co/rest/v1/stocks?columns=%22pe_ratio%22%2C%22region%22%2C%22recommendation%22%2C%22ipo_date%22%2C%22industry%22%2C%22currency%22%2C%22country%22%2C%22exchange%22%2C%22earnings_growth%22%2C%22sector%22%2C%22market_cap%22%2C%22revenue_growth%22%2C%22earnings_date%22%2C%22name%22%2C%22last_updated%22%2C%22dividend_yield%22%2C%22ticker%22%2C%22market_cap_tier%22 "HTTP/2 200 OK"
02:55:00 │ INFO    │ HTTP Request: POST https://oqgwwidykukkqcgvvsnm.supabase.co/rest/v1/price_history?columns=%22high%22%2C%22low%22%2C%22close%22%2C%22volume%22%2C%22adj_close%22%2C%22open%22%2C%22date%22%2C%22ticker%22 "HTTP/2 200 OK"
02:55:01 │ INFO    │ HTTP Request: POST https://oqgwwidykukkqcgvvsnm.supabase.co/rest/v1/price_history?columns=%22high%22%2C%22low%22%2C%22close%22%2C%22volume%22%2C%22adj_close%22%2C%22open%22%2C%22date%22%2C%22ticker%22 "HTTP/2 200 OK"
02:55:02 │ INFO    │ HTTP Request: POST https://oqgwwidykukkqcgvvsnm.supabase.co/rest/v1/price_history?columns=%22high%22%2C%22low%22%2C%22close%22%2C%22volume%22%2C%22adj_close%22%2C%22open%22%2C%22date%22%2C%22ticker%22 "HTTP/2 200 OK"
02:55:02 │ INFO    │ HTTP Request: POST https://oqgwwidykukkqcgvvsnm.supabase.co/rest/v1/price_history?columns=%22high%22%2C%22low%22%2C%22close%22%2C%22volume%22%2C%22adj_close%22%2C%22open%22%2C%22date%22%2C%22ticker%22 "HTTP/2 200 OK"
02:55:03 │ INFO    │ HTTP Request: POST https://oqgwwidykukkqcgvvsnm.supabase.co/rest/v1/price_history?columns=%22high%22%2C%22low%22%2C%22close%22%2C%22volume%22%2C%22adj_close%22%2C%22open%22%2C%22date%22%2C%22ticker%22 "HTTP/2 200 OK"
02:55:04 │ INFO    │ HTTP Request: POST https://oqgwwidykukkqcgvvsnm.supabase.co/rest/v1/price_history?columns=%22high%22%2C%22low%22%2C%22close%22%2C%22volume%22%2C%22adj_close%22%2C%22open%22%2C%22date%22%2C%22ticker%22 "HTTP/2 200 OK"
02:55:04 │ INFO    │ HTTP Request: POST https://oqgwwidykukkqcgvvsnm.supabase.co/rest/v1/price_history?columns=%22high%22%2C%22low%22%2C%22close%22%2C%22volume%22%2C%22adj_close%22%2C%22open%22%2C%22date%22%2C%22ticker%22 "HTTP/2 200 OK"
02:55:06 │ INFO    │ HTTP Request: POST https://oqgwwidykukkqcgvvsnm.supabase.co/rest/v1/price_history?columns=%22high%22%2C%22low%22%2C%22close%22%2C%22volume%22%2C%22adj_close%22%2C%22open%22%2C%22date%22%2C%22ticker%22 "HTTP/2 200 OK"
02:55:06 │ INFO    │ HTTP Request: POST https://oqgwwidykukkqcgvvsnm.supabase.co/rest/v1/price_history?columns=%22high%22%2C%22low%22%2C%22close%22%2C%22volume%22%2C%22adj_close%22%2C%22open%22%2C%22date%22%2C%22ticker%22 "HTTP/2 200 OK"
02:55:07 │ INFO    │ HTTP Request: POST https://oqgwwidykukkqcgvvsnm.supabase.co/rest/v1/price_history?columns=%22high%22%2C%22low%22%2C%22close%22%2C%22volume%22%2C%22adj_close%22%2C%22open%22%2C%22date%22%2C%22ticker%22 "HTTP/2 200 OK"
02:55:08 │ INFO    │ HTTP Request: POST https://oqgwwidykukkqcgvvsnm.supabase.co/rest/v1/price_history?columns=%22high%22%2C%22low%22%2C%22close%22%2C%22volume%22%2C%22adj_close%22%2C%22open%22%2C%22date%22%2C%22ticker%22 "HTTP/2 200 OK"
02:55:09 │ INFO    │ HTTP Request: POST https://oqgwwidykukkqcgvvsnm.supabase.co/rest/v1/price_history?columns=%22high%22%2C%22low%22%2C%22close%22%2C%22volume%22%2C%22adj_close%22%2C%22open%22%2C%22date%22%2C%22ticker%22 "HTTP/2 200 OK"
02:55:09 │ INFO    │ HTTP Request: POST https://oqgwwidykukkqcgvvsnm.supabase.co/rest/v1/price_history?columns=%22high%22%2C%22low%22%2C%22close%22%2C%22volume%22%2C%22adj_close%22%2C%22open%22%2C%22date%22%2C%22ticker%22 "HTTP/2 200 OK"
02:55:10 │ INFO    │ HTTP Request: POST https://oqgwwidykukkqcgvvsnm.supabase.co/rest/v1/price_history?columns=%22high%22%2C%22low%22%2C%22close%22%2C%22volume%22%2C%22adj_close%22%2C%22open%22%2C%22date%22%2C%22ticker%22 "HTTP/2 200 OK"
02:55:11 │ INFO    │ HTTP Request: POST https://oqgwwidykukkqcgvvsnm.supabase.co/rest/v1/price_history?columns=%22high%22%2C%22low%22%2C%22close%22%2C%22volume%22%2C%22adj_close%22%2C%22open%22%2C%22date%22%2C%22ticker%22 "HTTP/2 201 Created"
02:55:11 │ INFO    │ HTTP Request: POST https://oqgwwidykukkqcgvvsnm.supabase.co/rest/v1/price_history?columns=%22high%22%2C%22low%22%2C%22close%22%2C%22volume%22%2C%22adj_close%22%2C%22open%22%2C%22date%22%2C%22ticker%22 "HTTP/2 200 OK"
02:55:12 │ INFO    │ HTTP Request: POST https://oqgwwidykukkqcgvvsnm.supabase.co/rest/v1/price_history?columns=%22high%22%2C%22low%22%2C%22close%22%2C%22volume%22%2C%22adj_close%22%2C%22open%22%2C%22date%22%2C%22ticker%22 "HTTP/2 200 OK"
02:55:13 │ INFO    │ HTTP Request: POST https://oqgwwidykukkqcgvvsnm.supabase.co/rest/v1/price_history?columns=%22high%22%2C%22low%22%2C%22close%22%2C%22volume%22%2C%22adj_close%22%2C%22open%22%2C%22date%22%2C%22ticker%22 "HTTP/2 200 OK"
02:55:14 │ INFO    │ HTTP Request: POST https://oqgwwidykukkqcgvvsnm.supabase.co/rest/v1/price_history?columns=%22high%22%2C%22low%22%2C%22close%22%2C%22volume%22%2C%22adj_close%22%2C%22open%22%2C%22date%22%2C%22ticker%22 "HTTP/2 200 OK"
02:55:15 │ INFO    │ HTTP Request: POST https://oqgwwidykukkqcgvvsnm.supabase.co/rest/v1/price_history?columns=%22high%22%2C%22low%22%2C%22close%22%2C%22volume%22%2C%22adj_close%22%2C%22open%22%2C%22date%22%2C%22ticker%22 "HTTP/2 200 OK"
02:55:15 │ INFO    │ HTTP Request: POST https://oqgwwidykukkqcgvvsnm.supabase.co/rest/v1/price_history?columns=%22high%22%2C%22low%22%2C%22close%22%2C%22volume%22%2C%22adj_close%22%2C%22open%22%2C%22date%22%2C%22ticker%22 "HTTP/2 200 OK"
02:55:16 │ INFO    │ HTTP Request: POST https://oqgwwidykukkqcgvvsnm.supabase.co/rest/v1/price_history?columns=%22high%22%2C%22low%22%2C%22close%22%2C%22volume%22%2C%22adj_close%22%2C%22open%22%2C%22date%22%2C%22ticker%22 "HTTP/2 200 OK"
02:55:17 │ INFO    │ HTTP Request: POST https://oqgwwidykukkqcgvvsnm.supabase.co/rest/v1/price_history?columns=%22high%22%2C%22low%22%2C%22close%22%2C%22volume%22%2C%22adj_close%22%2C%22open%22%2C%22date%22%2C%22ticker%22 "HTTP/2 200 OK"
02:55:17 │ INFO    │ HTTP Request: POST https://oqgwwidykukkqcgvvsnm.supabase.co/rest/v1/price_history?columns=%22high%22%2C%22low%22%2C%22close%22%2C%22volume%22%2C%22adj_close%22%2C%22open%22%2C%22date%22%2C%22ticker%22 "HTTP/2 200 OK"
02:55:18 │ INFO    │ HTTP Request: POST https://oqgwwidykukkqcgvvsnm.supabase.co/rest/v1/gains?columns=%22start_price%22%2C%22high_52w%22%2C%22start_date%22%2C%22vs_sector%22%2C%22above_ma_200%22%2C%22end_date%22%2C%22pct_from_52w_high%22%2C%22gain_streak%22%2C%22sharpe_ratio%22%2C%22ticker%22%2C%22vs_country%22%2C%22volatility_30d%22%2C%22pct_from_52w_low%22%2C%22max_drawdown%22%2C%22pct_change%22%2C%22pct_change_usd%22%2C%22volume_ratio%22%2C%22avg_volume%22%2C%22low_52w%22%2C%22rsi_14%22%2C%22ma_50%22%2C%22at_52w_high%22%2C%22abs_change%22%2C%22above_ma_50%22%2C%22period%22%2C%22at_52w_low%22%2C%22sector_avg_change%22%2C%22ma_200%22%2C%22country_avg_change%22%2C%22end_price%22%2C%22recent_volume%22 "HTTP/2 201 Created"
02:55:18 │ INFO    │ Processing batch 6/316 (50 tickers) ... [240 successful so far]
02:56:02 │ INFO    │ HTTP Request: POST https://oqgwwidykukkqcgvvsnm.supabase.co/rest/v1/stocks?columns=%22pe_ratio%22%2C%22region%22%2C%22recommendation%22%2C%22ipo_date%22%2C%22industry%22%2C%22currency%22%2C%22country%22%2C%22exchange%22%2C%22earnings_growth%22%2C%22sector%22%2C%22market_cap%22%2C%22revenue_growth%22%2C%22earnings_date%22%2C%22name%22%2C%22last_updated%22%2C%22dividend_yield%22%2C%22ticker%22%2C%22market_cap_tier%22 "HTTP/2 200 OK"
02:56:02 │ INFO    │ HTTP Request: POST https://oqgwwidykukkqcgvvsnm.supabase.co/rest/v1/price_history?columns=%22high%22%2C%22low%22%2C%22close%22%2C%22volume%22%2C%22adj_close%22%2C%22open%22%2C%22date%22%2C%22ticker%22 "HTTP/2 200 OK"
02:56:03 │ INFO    │ HTTP Request: POST https://oqgwwidykukkqcgvvsnm.supabase.co/rest/v1/price_history?columns=%22high%22%2C%22low%22%2C%22close%22%2C%22volume%22%2C%22adj_close%22%2C%22open%22%2C%22date%22%2C%22ticker%22 "HTTP/2 200 OK"
02:56:04 │ INFO    │ HTTP Request: POST https://oqgwwidykukkqcgvvsnm.supabase.co/rest/v1/price_history?columns=%22high%22%2C%22low%22%2C%22close%22%2C%22volume%22%2C%22adj_close%22%2C%22open%22%2C%22date%22%2C%22ticker%22 "HTTP/2 200 OK"
02:56:05 │ INFO    │ HTTP Request: POST https://oqgwwidykukkqcgvvsnm.supabase.co/rest/v1/price_history?columns=%22high%22%2C%22low%22%2C%22close%22%2C%22volume%22%2C%22adj_close%22%2C%22open%22%2C%22date%22%2C%22ticker%22 "HTTP/2 200 OK"
02:56:05 │ INFO    │ HTTP Request: POST https://oqgwwidykukkqcgvvsnm.supabase.co/rest/v1/price_history?columns=%22high%22%2C%22low%22%2C%22close%22%2C%22volume%22%2C%22adj_close%22%2C%22open%22%2C%22date%22%2C%22ticker%22 "HTTP/2 200 OK"
02:56:06 │ INFO    │ HTTP Request: POST https://oqgwwidykukkqcgvvsnm.supabase.co/rest/v1/price_history?columns=%22high%22%2C%22low%22%2C%22close%22%2C%22volume%22%2C%22adj_close%22%2C%22open%22%2C%22date%22%2C%22ticker%22 "HTTP/2 200 OK"
02:56:07 │ INFO    │ HTTP Request: POST https://oqgwwidykukkqcgvvsnm.supabase.co/rest/v1/price_history?columns=%22high%22%2C%22low%22%2C%22close%22%2C%22volume%22%2C%22adj_close%22%2C%22open%22%2C%22date%22%2C%22ticker%22 "HTTP/2 200 OK"
02:56:07 │ INFO    │ HTTP Request: POST https://oqgwwidykukkqcgvvsnm.supabase.co/rest/v1/price_history?columns=%22high%22%2C%22low%22%2C%22close%22%2C%22volume%22%2C%22adj_close%22%2C%22open%22%2C%22date%22%2C%22ticker%22 "HTTP/2 200 OK"
02:56:08 │ INFO    │ HTTP Request: POST https://oqgwwidykukkqcgvvsnm.supabase.co/rest/v1/price_history?columns=%22high%22%2C%22low%22%2C%22close%22%2C%22volume%22%2C%22adj_close%22%2C%22open%22%2C%22date%22%2C%22ticker%22 "HTTP/2 200 OK"
02:56:09 │ INFO    │ HTTP Request: POST https://oqgwwidykukkqcgvvsnm.supabase.co/rest/v1/price_history?columns=%22high%22%2C%22low%22%2C%22close%22%2C%22volume%22%2C%22adj_close%22%2C%22open%22%2C%22date%22%2C%22ticker%22 "HTTP/2 200 OK"
02:56:10 │ INFO    │ HTTP Request: POST https://oqgwwidykukkqcgvvsnm.supabase.co/rest/v1/price_history?columns=%22high%22%2C%22low%22%2C%22close%22%2C%22volume%22%2C%22adj_close%22%2C%22open%22%2C%22date%22%2C%22ticker%22 "HTTP/2 200 OK"
02:56:11 │ INFO    │ HTTP Request: POST https://oqgwwidykukkqcgvvsnm.supabase.co/rest/v1/price_history?columns=%22high%22%2C%22low%22%2C%22close%22%2C%22volume%22%2C%22adj_close%22%2C%22open%22%2C%22date%22%2C%22ticker%22 "HTTP/2 200 OK"
02:56:12 │ INFO    │ HTTP Request: POST https://oqgwwidykukkqcgvvsnm.supabase.co/rest/v1/price_history?columns=%22high%22%2C%22low%22%2C%22close%22%2C%22volume%22%2C%22adj_close%22%2C%22open%22%2C%22date%22%2C%22ticker%22 "HTTP/2 200 OK"
02:56:12 │ INFO    │ HTTP Request: POST https://oqgwwidykukkqcgvvsnm.supabase.co/rest/v1/price_history?columns=%22high%22%2C%22low%22%2C%22close%22%2C%22volume%22%2C%22adj_close%22%2C%22open%22%2C%22date%22%2C%22ticker%22 "HTTP/2 200 OK"
02:56:13 │ INFO    │ HTTP Request: POST https://oqgwwidykukkqcgvvsnm.supabase.co/rest/v1/price_history?columns=%22high%22%2C%22low%22%2C%22close%22%2C%22volume%22%2C%22adj_close%22%2C%22open%22%2C%22date%22%2C%22ticker%22 "HTTP/2 200 OK"
02:56:14 │ INFO    │ HTTP Request: POST https://oqgwwidykukkqcgvvsnm.supabase.co/rest/v1/price_history?columns=%22high%22%2C%22low%22%2C%22close%22%2C%22volume%22%2C%22adj_close%22%2C%22open%22%2C%22date%22%2C%22ticker%22 "HTTP/2 200 OK"
02:56:14 │ INFO    │ HTTP Request: POST https://oqgwwidykukkqcgvvsnm.supabase.co/rest/v1/price_history?columns=%22high%22%2C%22low%22%2C%22close%22%2C%22volume%22%2C%22adj_close%22%2C%22open%22%2C%22date%22%2C%22ticker%22 "HTTP/2 200 OK"
02:56:15 │ INFO    │ HTTP Request: POST https://oqgwwidykukkqcgvvsnm.supabase.co/rest/v1/price_history?columns=%22high%22%2C%22low%22%2C%22close%22%2C%22volume%22%2C%22adj_close%22%2C%22open%22%2C%22date%22%2C%22ticker%22 "HTTP/2 200 OK"
02:56:16 │ INFO    │ HTTP Request: POST https://oqgwwidykukkqcgvvsnm.supabase.co/rest/v1/price_history?columns=%22high%22%2C%22low%22%2C%22close%22%2C%22volume%22%2C%22adj_close%22%2C%22open%22%2C%22date%22%2C%22ticker%22 "HTTP/2 200 OK"
02:56:17 │ INFO    │ HTTP Request: POST https://oqgwwidykukkqcgvvsnm.supabase.co/rest/v1/price_history?columns=%22high%22%2C%22low%22%2C%22close%22%2C%22volume%22%2C%22adj_close%22%2C%22open%22%2C%22date%22%2C%22ticker%22 "HTTP/2 200 OK"
02:56:18 │ INFO    │ HTTP Request: POST https://oqgwwidykukkqcgvvsnm.supabase.co/rest/v1/price_history?columns=%22high%22%2C%22low%22%2C%22close%22%2C%22volume%22%2C%22adj_close%22%2C%22open%22%2C%22date%22%2C%22ticker%22 "HTTP/2 200 OK"
02:56:19 │ INFO    │ HTTP Request: POST https://oqgwwidykukkqcgvvsnm.supabase.co/rest/v1/price_history?columns=%22high%22%2C%22low%22%2C%22close%22%2C%22volume%22%2C%22adj_close%22%2C%22open%22%2C%22date%22%2C%22ticker%22 "HTTP/2 200 OK"
02:56:19 │ INFO    │ HTTP Request: POST https://oqgwwidykukkqcgvvsnm.supabase.co/rest/v1/price_history?columns=%22high%22%2C%22low%22%2C%22close%22%2C%22volume%22%2C%22adj_close%22%2C%22open%22%2C%22date%22%2C%22ticker%22 "HTTP/2 200 OK"
02:56:20 │ INFO    │ HTTP Request: POST https://oqgwwidykukkqcgvvsnm.supabase.co/rest/v1/price_history?columns=%22high%22%2C%22low%22%2C%22close%22%2C%22volume%22%2C%22adj_close%22%2C%22open%22%2C%22date%22%2C%22ticker%22 "HTTP/2 200 OK"
02:56:21 │ INFO    │ HTTP Request: POST https://oqgwwidykukkqcgvvsnm.supabase.co/rest/v1/price_history?columns=%22high%22%2C%22low%22%2C%22close%22%2C%22volume%22%2C%22adj_close%22%2C%22open%22%2C%22date%22%2C%22ticker%22 "HTTP/2 200 OK"
02:56:21 │ INFO    │ HTTP Request: POST https://oqgwwidykukkqcgvvsnm.supabase.co/rest/v1/price_history?columns=%22high%22%2C%22low%22%2C%22close%22%2C%22volume%22%2C%22adj_close%22%2C%22open%22%2C%22date%22%2C%22ticker%22 "HTTP/2 200 OK"
02:56:22 │ INFO    │ HTTP Request: POST https://oqgwwidykukkqcgvvsnm.supabase.co/rest/v1/price_history?columns=%22high%22%2C%22low%22%2C%22close%22%2C%22volume%22%2C%22adj_close%22%2C%22open%22%2C%22date%22%2C%22ticker%22 "HTTP/2 200 OK"
02:56:23 │ INFO    │ HTTP Request: POST https://oqgwwidykukkqcgvvsnm.supabase.co/rest/v1/gains?columns=%22start_price%22%2C%22high_52w%22%2C%22start_date%22%2C%22vs_sector%22%2C%22above_ma_200%22%2C%22end_date%22%2C%22pct_from_52w_high%22%2C%22gain_streak%22%2C%22sharpe_ratio%22%2C%22ticker%22%2C%22vs_country%22%2C%22volatility_30d%22%2C%22pct_from_52w_low%22%2C%22max_drawdown%22%2C%22pct_change%22%2C%22pct_change_usd%22%2C%22volume_ratio%22%2C%22avg_volume%22%2C%22low_52w%22%2C%22rsi_14%22%2C%22ma_50%22%2C%22at_52w_high%22%2C%22abs_change%22%2C%22above_ma_50%22%2C%22period%22%2C%22at_52w_low%22%2C%22sector_avg_change%22%2C%22ma_200%22%2C%22country_avg_change%22%2C%22end_price%22%2C%22recent_volume%22 "HTTP/2 201 Created"
02:56:24 │ INFO    │ Processing batch 7/316 (50 tickers) ... [289 successful so far]
02:57:08 │ INFO    │ HTTP Request: POST https://oqgwwidykukkqcgvvsnm.supabase.co/rest/v1/stocks?columns=%22pe_ratio%22%2C%22region%22%2C%22recommendation%22%2C%22ipo_date%22%2C%22industry%22%2C%22currency%22%2C%22country%22%2C%22exchange%22%2C%22earnings_growth%22%2C%22sector%22%2C%22market_cap%22%2C%22revenue_growth%22%2C%22earnings_date%22%2C%22name%22%2C%22last_updated%22%2C%22dividend_yield%22%2C%22ticker%22%2C%22market_cap_tier%22 "HTTP/2 200 OK"
02:57:08 │ INFO    │ HTTP Request: POST https://oqgwwidykukkqcgvvsnm.supabase.co/rest/v1/price_history?columns=%22high%22%2C%22low%22%2C%22close%22%2C%22volume%22%2C%22adj_close%22%2C%22open%22%2C%22date%22%2C%22ticker%22 "HTTP/2 200 OK"
02:57:09 │ INFO    │ HTTP Request: POST https://oqgwwidykukkqcgvvsnm.supabase.co/rest/v1/price_history?columns=%22high%22%2C%22low%22%2C%22close%22%2C%22volume%22%2C%22adj_close%22%2C%22open%22%2C%22date%22%2C%22ticker%22 "HTTP/2 200 OK"
02:57:10 │ INFO    │ HTTP Request: POST https://oqgwwidykukkqcgvvsnm.supabase.co/rest/v1/price_history?columns=%22high%22%2C%22low%22%2C%22close%22%2C%22volume%22%2C%22adj_close%22%2C%22open%22%2C%22date%22%2C%22ticker%22 "HTTP/2 200 OK"
02:57:11 │ INFO    │ HTTP Request: POST https://oqgwwidykukkqcgvvsnm.supabase.co/rest/v1/price_history?columns=%22high%22%2C%22low%22%2C%22close%22%2C%22volume%22%2C%22adj_close%22%2C%22open%22%2C%22date%22%2C%22ticker%22 "HTTP/2 201 Created"
02:57:11 │ INFO    │ HTTP Request: POST https://oqgwwidykukkqcgvvsnm.supabase.co/rest/v1/price_history?columns=%22high%22%2C%22low%22%2C%22close%22%2C%22volume%22%2C%22adj_close%22%2C%22open%22%2C%22date%22%2C%22ticker%22 "HTTP/2 200 OK"
02:57:12 │ INFO    │ HTTP Request: POST https://oqgwwidykukkqcgvvsnm.supabase.co/rest/v1/price_history?columns=%22high%22%2C%22low%22%2C%22close%22%2C%22volume%22%2C%22adj_close%22%2C%22open%22%2C%22date%22%2C%22ticker%22 "HTTP/2 200 OK"
02:57:12 │ INFO    │ HTTP Request: POST https://oqgwwidykukkqcgvvsnm.supabase.co/rest/v1/price_history?columns=%22high%22%2C%22low%22%2C%22close%22%2C%22volume%22%2C%22adj_close%22%2C%22open%22%2C%22date%22%2C%22ticker%22 "HTTP/2 200 OK"
02:57:13 │ INFO    │ HTTP Request: POST https://oqgwwidykukkqcgvvsnm.supabase.co/rest/v1/price_history?columns=%22high%22%2C%22low%22%2C%22close%22%2C%22volume%22%2C%22adj_close%22%2C%22open%22%2C%22date%22%2C%22ticker%22 "HTTP/2 200 OK"
02:57:14 │ INFO    │ HTTP Request: POST https://oqgwwidykukkqcgvvsnm.supabase.co/rest/v1/price_history?columns=%22high%22%2C%22low%22%2C%22close%22%2C%22volume%22%2C%22adj_close%22%2C%22open%22%2C%22date%22%2C%22ticker%22 "HTTP/2 200 OK"
02:57:15 │ INFO    │ HTTP Request: POST https://oqgwwidykukkqcgvvsnm.supabase.co/rest/v1/price_history?columns=%22high%22%2C%22low%22%2C%22close%22%2C%22volume%22%2C%22adj_close%22%2C%22open%22%2C%22date%22%2C%22ticker%22 "HTTP/2 200 OK"
02:57:15 │ INFO    │ HTTP Request: POST https://oqgwwidykukkqcgvvsnm.supabase.co/rest/v1/price_history?columns=%22high%22%2C%22low%22%2C%22close%22%2C%22volume%22%2C%22adj_close%22%2C%22open%22%2C%22date%22%2C%22ticker%22 "HTTP/2 200 OK"
02:57:16 │ INFO    │ HTTP Request: POST https://oqgwwidykukkqcgvvsnm.supabase.co/rest/v1/price_history?columns=%22high%22%2C%22low%22%2C%22close%22%2C%22volume%22%2C%22adj_close%22%2C%22open%22%2C%22date%22%2C%22ticker%22 "HTTP/2 200 OK"
02:57:17 │ INFO    │ HTTP Request: POST https://oqgwwidykukkqcgvvsnm.supabase.co/rest/v1/price_history?columns=%22high%22%2C%22low%22%2C%22close%22%2C%22volume%22%2C%22adj_close%22%2C%22open%22%2C%22date%22%2C%22ticker%22 "HTTP/2 200 OK"
02:57:17 │ INFO    │ HTTP Request: POST https://oqgwwidykukkqcgvvsnm.supabase.co/rest/v1/price_history?columns=%22high%22%2C%22low%22%2C%22close%22%2C%22volume%22%2C%22adj_close%22%2C%22open%22%2C%22date%22%2C%22ticker%22 "HTTP/2 200 OK"
02:57:18 │ INFO    │ HTTP Request: POST https://oqgwwidykukkqcgvvsnm.supabase.co/rest/v1/price_history?columns=%22high%22%2C%22low%22%2C%22close%22%2C%22volume%22%2C%22adj_close%22%2C%22open%22%2C%22date%22%2C%22ticker%22 "HTTP/2 200 OK"
02:57:19 │ INFO    │ HTTP Request: POST https://oqgwwidykukkqcgvvsnm.supabase.co/rest/v1/price_history?columns=%22high%22%2C%22low%22%2C%22close%22%2C%22volume%22%2C%22adj_close%22%2C%22open%22%2C%22date%22%2C%22ticker%22 "HTTP/2 200 OK"
02:57:19 │ INFO    │ HTTP Request: POST https://oqgwwidykukkqcgvvsnm.supabase.co/rest/v1/price_history?columns=%22high%22%2C%22low%22%2C%22close%22%2C%22volume%22%2C%22adj_close%22%2C%22open%22%2C%22date%22%2C%22ticker%22 "HTTP/2 200 OK"
02:57:20 │ INFO    │ HTTP Request: POST https://oqgwwidykukkqcgvvsnm.supabase.co/rest/v1/price_history?columns=%22high%22%2C%22low%22%2C%22close%22%2C%22volume%22%2C%22adj_close%22%2C%22open%22%2C%22date%22%2C%22ticker%22 "HTTP/2 200 OK"
02:57:21 │ INFO    │ HTTP Request: POST https://oqgwwidykukkqcgvvsnm.supabase.co/rest/v1/price_history?columns=%22high%22%2C%22low%22%2C%22close%22%2C%22volume%22%2C%22adj_close%22%2C%22open%22%2C%22date%22%2C%22ticker%22 "HTTP/2 200 OK"
02:57:22 │ INFO    │ HTTP Request: POST https://oqgwwidykukkqcgvvsnm.supabase.co/rest/v1/price_history?columns=%22high%22%2C%22low%22%2C%22close%22%2C%22volume%22%2C%22adj_close%22%2C%22open%22%2C%22date%22%2C%22ticker%22 "HTTP/2 200 OK"
02:57:22 │ INFO    │ HTTP Request: POST https://oqgwwidykukkqcgvvsnm.supabase.co/rest/v1/price_history?columns=%22high%22%2C%22low%22%2C%22close%22%2C%22volume%22%2C%22adj_close%22%2C%22open%22%2C%22date%22%2C%22ticker%22 "HTTP/2 200 OK"
02:57:23 │ INFO    │ HTTP Request: POST https://oqgwwidykukkqcgvvsnm.supabase.co/rest/v1/price_history?columns=%22high%22%2C%22low%22%2C%22close%22%2C%22volume%22%2C%22adj_close%22%2C%22open%22%2C%22date%22%2C%22ticker%22 "HTTP/2 200 OK"
02:57:23 │ INFO    │ HTTP Request: POST https://oqgwwidykukkqcgvvsnm.supabase.co/rest/v1/price_history?columns=%22high%22%2C%22low%22%2C%22close%22%2C%22volume%22%2C%22adj_close%22%2C%22open%22%2C%22date%22%2C%22ticker%22 "HTTP/2 200 OK"
02:57:24 │ INFO    │ HTTP Request: POST https://oqgwwidykukkqcgvvsnm.supabase.co/rest/v1/gains?columns=%22start_price%22%2C%22high_52w%22%2C%22start_date%22%2C%22vs_sector%22%2C%22above_ma_200%22%2C%22end_date%22%2C%22pct_from_52w_high%22%2C%22gain_streak%22%2C%22sharpe_ratio%22%2C%22ticker%22%2C%22vs_country%22%2C%22volatility_30d%22%2C%22pct_from_52w_low%22%2C%22max_drawdown%22%2C%22pct_change%22%2C%22pct_change_usd%22%2C%22volume_ratio%22%2C%22avg_volume%22%2C%22low_52w%22%2C%22rsi_14%22%2C%22ma_50%22%2C%22at_52w_high%22%2C%22abs_change%22%2C%22above_ma_50%22%2C%22period%22%2C%22at_52w_low%22%2C%22sector_avg_change%22%2C%22ma_200%22%2C%22country_avg_change%22%2C%22end_price%22%2C%22recent_volume%22 "HTTP/2 201 Created"
02:57:24 │ INFO    │ Processing batch 8/316 (50 tickers) ... [336 successful so far]
02:57:52 │ WARNING │   [ANOMALY] ARDS 5D gain is 1450.0%. Discarding period data.
02:58:16 │ INFO    │ HTTP Request: POST https://oqgwwidykukkqcgvvsnm.supabase.co/rest/v1/stocks?columns=%22pe_ratio%22%2C%22region%22%2C%22recommendation%22%2C%22ipo_date%22%2C%22industry%22%2C%22currency%22%2C%22country%22%2C%22exchange%22%2C%22earnings_growth%22%2C%22sector%22%2C%22market_cap%22%2C%22revenue_growth%22%2C%22earnings_date%22%2C%22name%22%2C%22last_updated%22%2C%22dividend_yield%22%2C%22ticker%22%2C%22market_cap_tier%22 "HTTP/2 200 OK"
02:58:17 │ INFO    │ HTTP Request: POST https://oqgwwidykukkqcgvvsnm.supabase.co/rest/v1/price_history?columns=%22high%22%2C%22low%22%2C%22close%22%2C%22volume%22%2C%22adj_close%22%2C%22open%22%2C%22date%22%2C%22ticker%22 "HTTP/2 200 OK"
02:58:18 │ INFO    │ HTTP Request: POST https://oqgwwidykukkqcgvvsnm.supabase.co/rest/v1/price_history?columns=%22high%22%2C%22low%22%2C%22close%22%2C%22volume%22%2C%22adj_close%22%2C%22open%22%2C%22date%22%2C%22ticker%22 "HTTP/2 200 OK"
02:58:19 │ INFO    │ HTTP Request: POST https://oqgwwidykukkqcgvvsnm.supabase.co/rest/v1/price_history?columns=%22high%22%2C%22low%22%2C%22close%22%2C%22volume%22%2C%22adj_close%22%2C%22open%22%2C%22date%22%2C%22ticker%22 "HTTP/2 200 OK"
02:58:19 │ INFO    │ HTTP Request: POST https://oqgwwidykukkqcgvvsnm.supabase.co/rest/v1/price_history?columns=%22high%22%2C%22low%22%2C%22close%22%2C%22volume%22%2C%22adj_close%22%2C%22open%22%2C%22date%22%2C%22ticker%22 "HTTP/2 200 OK"
02:58:20 │ INFO    │ HTTP Request: POST https://oqgwwidykukkqcgvvsnm.supabase.co/rest/v1/price_history?columns=%22high%22%2C%22low%22%2C%22close%22%2C%22volume%22%2C%22adj_close%22%2C%22open%22%2C%22date%22%2C%22ticker%22 "HTTP/2 200 OK"
02:58:21 │ INFO    │ HTTP Request: POST https://oqgwwidykukkqcgvvsnm.supabase.co/rest/v1/price_history?columns=%22high%22%2C%22low%22%2C%22close%22%2C%22volume%22%2C%22adj_close%22%2C%22open%22%2C%22date%22%2C%22ticker%22 "HTTP/2 201 Created"
02:58:22 │ INFO    │ HTTP Request: POST https://oqgwwidykukkqcgvvsnm.supabase.co/rest/v1/price_history?columns=%22high%22%2C%22low%22%2C%22close%22%2C%22volume%22%2C%22adj_close%22%2C%22open%22%2C%22date%22%2C%22ticker%22 "HTTP/2 200 OK"
02:58:23 │ INFO    │ HTTP Request: POST https://oqgwwidykukkqcgvvsnm.supabase.co/rest/v1/price_history?columns=%22high%22%2C%22low%22%2C%22close%22%2C%22volume%22%2C%22adj_close%22%2C%22open%22%2C%22date%22%2C%22ticker%22 "HTTP/2 200 OK"
02:58:24 │ INFO    │ HTTP Request: POST https://oqgwwidykukkqcgvvsnm.supabase.co/rest/v1/price_history?columns=%22high%22%2C%22low%22%2C%22close%22%2C%22volume%22%2C%22adj_close%22%2C%22open%22%2C%22date%22%2C%22ticker%22 "HTTP/2 200 OK"
02:58:25 │ INFO    │ HTTP Request: POST https://oqgwwidykukkqcgvvsnm.supabase.co/rest/v1/price_history?columns=%22high%22%2C%22low%22%2C%22close%22%2C%22volume%22%2C%22adj_close%22%2C%22open%22%2C%22date%22%2C%22ticker%22 "HTTP/2 200 OK"
02:58:26 │ INFO    │ HTTP Request: POST https://oqgwwidykukkqcgvvsnm.supabase.co/rest/v1/price_history?columns=%22high%22%2C%22low%22%2C%22close%22%2C%22volume%22%2C%22adj_close%22%2C%22open%22%2C%22date%22%2C%22ticker%22 "HTTP/2 200 OK"
02:58:27 │ INFO    │ HTTP Request: POST https://oqgwwidykukkqcgvvsnm.supabase.co/rest/v1/price_history?columns=%22high%22%2C%22low%22%2C%22close%22%2C%22volume%22%2C%22adj_close%22%2C%22open%22%2C%22date%22%2C%22ticker%22 "HTTP/2 200 OK"
02:58:27 │ INFO    │ HTTP Request: POST https://oqgwwidykukkqcgvvsnm.supabase.co/rest/v1/price_history?columns=%22high%22%2C%22low%22%2C%22close%22%2C%22volume%22%2C%22adj_close%22%2C%22open%22%2C%22date%22%2C%22ticker%22 "HTTP/2 200 OK"
02:58:28 │ INFO    │ HTTP Request: POST https://oqgwwidykukkqcgvvsnm.supabase.co/rest/v1/price_history?columns=%22high%22%2C%22low%22%2C%22close%22%2C%22volume%22%2C%22adj_close%22%2C%22open%22%2C%22date%22%2C%22ticker%22 "HTTP/2 200 OK"
02:58:29 │ INFO    │ HTTP Request: POST https://oqgwwidykukkqcgvvsnm.supabase.co/rest/v1/price_history?columns=%22high%22%2C%22low%22%2C%22close%22%2C%22volume%22%2C%22adj_close%22%2C%22open%22%2C%22date%22%2C%22ticker%22 "HTTP/2 200 OK"
02:58:30 │ INFO    │ HTTP Request: POST https://oqgwwidykukkqcgvvsnm.supabase.co/rest/v1/price_history?columns=%22high%22%2C%22low%22%2C%22close%22%2C%22volume%22%2C%22adj_close%22%2C%22open%22%2C%22date%22%2C%22ticker%22 "HTTP/2 200 OK"
02:58:31 │ INFO    │ HTTP Request: POST https://oqgwwidykukkqcgvvsnm.supabase.co/rest/v1/price_history?columns=%22high%22%2C%22low%22%2C%22close%22%2C%22volume%22%2C%22adj_close%22%2C%22open%22%2C%22date%22%2C%22ticker%22 "HTTP/2 200 OK"
02:58:31 │ INFO    │ HTTP Request: POST https://oqgwwidykukkqcgvvsnm.supabase.co/rest/v1/price_history?columns=%22high%22%2C%22low%22%2C%22close%22%2C%22volume%22%2C%22adj_close%22%2C%22open%22%2C%22date%22%2C%22ticker%22 "HTTP/2 200 OK"
02:58:32 │ INFO    │ HTTP Request: POST https://oqgwwidykukkqcgvvsnm.supabase.co/rest/v1/price_history?columns=%22high%22%2C%22low%22%2C%22close%22%2C%22volume%22%2C%22adj_close%22%2C%22open%22%2C%22date%22%2C%22ticker%22 "HTTP/2 200 OK"
02:58:33 │ INFO    │ HTTP Request: POST https://oqgwwidykukkqcgvvsnm.supabase.co/rest/v1/price_history?columns=%22high%22%2C%22low%22%2C%22close%22%2C%22volume%22%2C%22adj_close%22%2C%22open%22%2C%22date%22%2C%22ticker%22 "HTTP/2 200 OK"
02:58:33 │ INFO    │ HTTP Request: POST https://oqgwwidykukkqcgvvsnm.supabase.co/rest/v1/price_history?columns=%22high%22%2C%22low%22%2C%22close%22%2C%22volume%22%2C%22adj_close%22%2C%22open%22%2C%22date%22%2C%22ticker%22 "HTTP/2 200 OK"
02:58:34 │ INFO    │ HTTP Request: POST https://oqgwwidykukkqcgvvsnm.supabase.co/rest/v1/price_history?columns=%22high%22%2C%22low%22%2C%22close%22%2C%22volume%22%2C%22adj_close%22%2C%22open%22%2C%22date%22%2C%22ticker%22 "HTTP/2 200 OK"
02:58:35 │ INFO    │ HTTP Request: POST https://oqgwwidykukkqcgvvsnm.supabase.co/rest/v1/price_history?columns=%22high%22%2C%22low%22%2C%22close%22%2C%22volume%22%2C%22adj_close%22%2C%22open%22%2C%22date%22%2C%22ticker%22 "HTTP/2 200 OK"
02:58:35 │ INFO    │ HTTP Request: POST https://oqgwwidykukkqcgvvsnm.supabase.co/rest/v1/price_history?columns=%22high%22%2C%22low%22%2C%22close%22%2C%22volume%22%2C%22adj_close%22%2C%22open%22%2C%22date%22%2C%22ticker%22 "HTTP/2 200 OK"
02:58:36 │ INFO    │ HTTP Request: POST https://oqgwwidykukkqcgvvsnm.supabase.co/rest/v1/price_history?columns=%22high%22%2C%22low%22%2C%22close%22%2C%22volume%22%2C%22adj_close%22%2C%22open%22%2C%22date%22%2C%22ticker%22 "HTTP/2 200 OK"
02:58:37 │ INFO    │ HTTP Request: POST https://oqgwwidykukkqcgvvsnm.supabase.co/rest/v1/price_history?columns=%22high%22%2C%22low%22%2C%22close%22%2C%22volume%22%2C%22adj_close%22%2C%22open%22%2C%22date%22%2C%22ticker%22 "HTTP/2 200 OK"
02:58:38 │ INFO    │ HTTP Request: POST https://oqgwwidykukkqcgvvsnm.supabase.co/rest/v1/gains?columns=%22start_price%22%2C%22high_52w%22%2C%22start_date%22%2C%22vs_sector%22%2C%22above_ma_200%22%2C%22end_date%22%2C%22pct_from_52w_high%22%2C%22gain_streak%22%2C%22sharpe_ratio%22%2C%22ticker%22%2C%22vs_country%22%2C%22volatility_30d%22%2C%22pct_from_52w_low%22%2C%22max_drawdown%22%2C%22pct_change%22%2C%22pct_change_usd%22%2C%22volume_ratio%22%2C%22avg_volume%22%2C%22low_52w%22%2C%22rsi_14%22%2C%22ma_50%22%2C%22at_52w_high%22%2C%22abs_change%22%2C%22above_ma_50%22%2C%22period%22%2C%22at_52w_low%22%2C%22sector_avg_change%22%2C%22ma_200%22%2C%22country_avg_change%22%2C%22end_price%22%2C%22recent_volume%22 "HTTP/2 201 Created"
02:58:39 │ INFO    │ Processing batch 9/316 (50 tickers) ... [385 successful so far]
02:59:25 │ INFO    │ HTTP Request: POST https://oqgwwidykukkqcgvvsnm.supabase.co/rest/v1/stocks?columns=%22pe_ratio%22%2C%22region%22%2C%22recommendation%22%2C%22ipo_date%22%2C%22industry%22%2C%22currency%22%2C%22country%22%2C%22exchange%22%2C%22earnings_growth%22%2C%22sector%22%2C%22market_cap%22%2C%22revenue_growth%22%2C%22earnings_date%22%2C%22name%22%2C%22last_updated%22%2C%22dividend_yield%22%2C%22ticker%22%2C%22market_cap_tier%22 "HTTP/2 200 OK"
02:59:26 │ INFO    │ HTTP Request: POST https://oqgwwidykukkqcgvvsnm.supabase.co/rest/v1/price_history?columns=%22high%22%2C%22low%22%2C%22close%22%2C%22volume%22%2C%22adj_close%22%2C%22open%22%2C%22date%22%2C%22ticker%22 "HTTP/2 200 OK"
02:59:27 │ INFO    │ HTTP Request: POST https://oqgwwidykukkqcgvvsnm.supabase.co/rest/v1/price_history?columns=%22high%22%2C%22low%22%2C%22close%22%2C%22volume%22%2C%22adj_close%22%2C%22open%22%2C%22date%22%2C%22ticker%22 "HTTP/2 200 OK"
02:59:27 │ INFO    │ HTTP Request: POST https://oqgwwidykukkqcgvvsnm.supabase.co/rest/v1/price_history?columns=%22high%22%2C%22low%22%2C%22close%22%2C%22volume%22%2C%22adj_close%22%2C%22open%22%2C%22date%22%2C%22ticker%22 "HTTP/2 200 OK"
02:59:28 │ INFO    │ HTTP Request: POST https://oqgwwidykukkqcgvvsnm.supabase.co/rest/v1/price_history?columns=%22high%22%2C%22low%22%2C%22close%22%2C%22volume%22%2C%22adj_close%22%2C%22open%22%2C%22date%22%2C%22ticker%22 "HTTP/2 200 OK"
02:59:29 │ INFO    │ HTTP Request: POST https://oqgwwidykukkqcgvvsnm.supabase.co/rest/v1/price_history?columns=%22high%22%2C%22low%22%2C%22close%22%2C%22volume%22%2C%22adj_close%22%2C%22open%22%2C%22date%22%2C%22ticker%22 "HTTP/2 200 OK"
02:59:29 │ INFO    │ HTTP Request: POST https://oqgwwidykukkqcgvvsnm.supabase.co/rest/v1/price_history?columns=%22high%22%2C%22low%22%2C%22close%22%2C%22volume%22%2C%22adj_close%22%2C%22open%22%2C%22date%22%2C%22ticker%22 "HTTP/2 200 OK"
02:59:30 │ INFO    │ HTTP Request: POST https://oqgwwidykukkqcgvvsnm.supabase.co/rest/v1/price_history?columns=%22high%22%2C%22low%22%2C%22close%22%2C%22volume%22%2C%22adj_close%22%2C%22open%22%2C%22date%22%2C%22ticker%22 "HTTP/2 200 OK"
02:59:30 │ INFO    │ HTTP Request: POST https://oqgwwidykukkqcgvvsnm.supabase.co/rest/v1/price_history?columns=%22high%22%2C%22low%22%2C%22close%22%2C%22volume%22%2C%22adj_close%22%2C%22open%22%2C%22date%22%2C%22ticker%22 "HTTP/2 200 OK"
02:59:31 │ INFO    │ HTTP Request: POST https://oqgwwidykukkqcgvvsnm.supabase.co/rest/v1/price_history?columns=%22high%22%2C%22low%22%2C%22close%22%2C%22volume%22%2C%22adj_close%22%2C%22open%22%2C%22date%22%2C%22ticker%22 "HTTP/2 200 OK"
02:59:32 │ INFO    │ HTTP Request: POST https://oqgwwidykukkqcgvvsnm.supabase.co/rest/v1/price_history?columns=%22high%22%2C%22low%22%2C%22close%22%2C%22volume%22%2C%22adj_close%22%2C%22open%22%2C%22date%22%2C%22ticker%22 "HTTP/2 200 OK"
02:59:32 │ INFO    │ HTTP Request: POST https://oqgwwidykukkqcgvvsnm.supabase.co/rest/v1/price_history?columns=%22high%22%2C%22low%22%2C%22close%22%2C%22volume%22%2C%22adj_close%22%2C%22open%22%2C%22date%22%2C%22ticker%22 "HTTP/2 200 OK"
02:59:33 │ INFO    │ HTTP Request: POST https://oqgwwidykukkqcgvvsnm.supabase.co/rest/v1/price_history?columns=%22high%22%2C%22low%22%2C%22close%22%2C%22volume%22%2C%22adj_close%22%2C%22open%22%2C%22date%22%2C%22ticker%22 "HTTP/2 200 OK"
02:59:34 │ INFO    │ HTTP Request: POST https://oqgwwidykukkqcgvvsnm.supabase.co/rest/v1/price_history?columns=%22high%22%2C%22low%22%2C%22close%22%2C%22volume%22%2C%22adj_close%22%2C%22open%22%2C%22date%22%2C%22ticker%22 "HTTP/2 200 OK"
02:59:34 │ INFO    │ HTTP Request: POST https://oqgwwidykukkqcgvvsnm.supabase.co/rest/v1/price_history?columns=%22high%22%2C%22low%22%2C%22close%22%2C%22volume%22%2C%22adj_close%22%2C%22open%22%2C%22date%22%2C%22ticker%22 "HTTP/2 200 OK"
02:59:35 │ INFO    │ HTTP Request: POST https://oqgwwidykukkqcgvvsnm.supabase.co/rest/v1/price_history?columns=%22high%22%2C%22low%22%2C%22close%22%2C%22volume%22%2C%22adj_close%22%2C%22open%22%2C%22date%22%2C%22ticker%22 "HTTP/2 200 OK"
02:59:36 │ INFO    │ HTTP Request: POST https://oqgwwidykukkqcgvvsnm.supabase.co/rest/v1/price_history?columns=%22high%22%2C%22low%22%2C%22close%22%2C%22volume%22%2C%22adj_close%22%2C%22open%22%2C%22date%22%2C%22ticker%22 "HTTP/2 200 OK"
02:59:37 │ INFO    │ HTTP Request: POST https://oqgwwidykukkqcgvvsnm.supabase.co/rest/v1/price_history?columns=%22high%22%2C%22low%22%2C%22close%22%2C%22volume%22%2C%22adj_close%22%2C%22open%22%2C%22date%22%2C%22ticker%22 "HTTP/2 200 OK"
02:59:37 │ INFO    │ HTTP Request: POST https://oqgwwidykukkqcgvvsnm.supabase.co/rest/v1/price_history?columns=%22high%22%2C%22low%22%2C%22close%22%2C%22volume%22%2C%22adj_close%22%2C%22open%22%2C%22date%22%2C%22ticker%22 "HTTP/2 201 Created"
02:59:38 │ INFO    │ HTTP Request: POST https://oqgwwidykukkqcgvvsnm.supabase.co/rest/v1/price_history?columns=%22high%22%2C%22low%22%2C%22close%22%2C%22volume%22%2C%22adj_close%22%2C%22open%22%2C%22date%22%2C%22ticker%22 "HTTP/2 200 OK"
02:59:38 │ INFO    │ HTTP Request: POST https://oqgwwidykukkqcgvvsnm.supabase.co/rest/v1/price_history?columns=%22high%22%2C%22low%22%2C%22close%22%2C%22volume%22%2C%22adj_close%22%2C%22open%22%2C%22date%22%2C%22ticker%22 "HTTP/2 200 OK"
02:59:39 │ INFO    │ HTTP Request: POST https://oqgwwidykukkqcgvvsnm.supabase.co/rest/v1/price_history?columns=%22high%22%2C%22low%22%2C%22close%22%2C%22volume%22%2C%22adj_close%22%2C%22open%22%2C%22date%22%2C%22ticker%22 "HTTP/2 200 OK"
02:59:39 │ INFO    │ HTTP Request: POST https://oqgwwidykukkqcgvvsnm.supabase.co/rest/v1/price_history?columns=%22high%22%2C%22low%22%2C%22close%22%2C%22volume%22%2C%22adj_close%22%2C%22open%22%2C%22date%22%2C%22ticker%22 "HTTP/2 200 OK"
02:59:40 │ INFO    │ HTTP Request: POST https://oqgwwidykukkqcgvvsnm.supabase.co/rest/v1/price_history?columns=%22high%22%2C%22low%22%2C%22close%22%2C%22volume%22%2C%22adj_close%22%2C%22open%22%2C%22date%22%2C%22ticker%22 "HTTP/2 200 OK"
02:59:41 │ INFO    │ HTTP Request: POST https://oqgwwidykukkqcgvvsnm.supabase.co/rest/v1/price_history?columns=%22high%22%2C%22low%22%2C%22close%22%2C%22volume%22%2C%22adj_close%22%2C%22open%22%2C%22date%22%2C%22ticker%22 "HTTP/2 200 OK"
02:59:41 │ INFO    │ HTTP Request: POST https://oqgwwidykukkqcgvvsnm.supabase.co/rest/v1/price_history?columns=%22high%22%2C%22low%22%2C%22close%22%2C%22volume%22%2C%22adj_close%22%2C%22open%22%2C%22date%22%2C%22ticker%22 "HTTP/2 200 OK"
02:59:42 │ INFO    │ HTTP Request: POST https://oqgwwidykukkqcgvvsnm.supabase.co/rest/v1/price_history?columns=%22high%22%2C%22low%22%2C%22close%22%2C%22volume%22%2C%22adj_close%22%2C%22open%22%2C%22date%22%2C%22ticker%22 "HTTP/2 200 OK"
02:59:42 │ INFO    │ HTTP Request: POST https://oqgwwidykukkqcgvvsnm.supabase.co/rest/v1/price_history?columns=%22high%22%2C%22low%22%2C%22close%22%2C%22volume%22%2C%22adj_close%22%2C%22open%22%2C%22date%22%2C%22ticker%22 "HTTP/2 200 OK"
02:59:43 │ INFO    │ HTTP Request: POST https://oqgwwidykukkqcgvvsnm.supabase.co/rest/v1/gains?columns=%22start_price%22%2C%22high_52w%22%2C%22start_date%22%2C%22vs_sector%22%2C%22above_ma_200%22%2C%22end_date%22%2C%22pct_from_52w_high%22%2C%22gain_streak%22%2C%22sharpe_ratio%22%2C%22ticker%22%2C%22vs_country%22%2C%22volatility_30d%22%2C%22pct_from_52w_low%22%2C%22max_drawdown%22%2C%22pct_change%22%2C%22pct_change_usd%22%2C%22volume_ratio%22%2C%22avg_volume%22%2C%22low_52w%22%2C%22rsi_14%22%2C%22ma_50%22%2C%22at_52w_high%22%2C%22abs_change%22%2C%22above_ma_50%22%2C%22period%22%2C%22at_52w_low%22%2C%22sector_avg_change%22%2C%22ma_200%22%2C%22country_avg_change%22%2C%22end_price%22%2C%22recent_volume%22 "HTTP/2 201 Created"
02:59:43 │ INFO    │ Processing batch 10/316 (50 tickers) ... [433 successful so far]
03:00:21 │ WARNING │   [ANOMALY] AXTI 1Y gain is 4923.9%. Discarding period data.
03:00:21 │ WARNING │   [ANOMALY] AXTI 2Y gain is 2398.4%. Discarding period data.
03:00:21 │ WARNING │   [ANOMALY] AXTI 3Y gain is 2467.8%. Discarding period data.
03:00:25 │ INFO    │ HTTP Request: POST https://oqgwwidykukkqcgvvsnm.supabase.co/rest/v1/stocks?columns=%22pe_ratio%22%2C%22region%22%2C%22recommendation%22%2C%22ipo_date%22%2C%22industry%22%2C%22currency%22%2C%22country%22%2C%22exchange%22%2C%22earnings_growth%22%2C%22sector%22%2C%22market_cap%22%2C%22revenue_growth%22%2C%22earnings_date%22%2C%22name%22%2C%22last_updated%22%2C%22dividend_yield%22%2C%22ticker%22%2C%22market_cap_tier%22 "HTTP/2 200 OK"
03:00:26 │ INFO    │ HTTP Request: POST https://oqgwwidykukkqcgvvsnm.supabase.co/rest/v1/price_history?columns=%22high%22%2C%22low%22%2C%22close%22%2C%22volume%22%2C%22adj_close%22%2C%22open%22%2C%22date%22%2C%22ticker%22 "HTTP/2 200 OK"
03:00:27 │ INFO    │ HTTP Request: POST https://oqgwwidykukkqcgvvsnm.supabase.co/rest/v1/price_history?columns=%22high%22%2C%22low%22%2C%22close%22%2C%22volume%22%2C%22adj_close%22%2C%22open%22%2C%22date%22%2C%22ticker%22 "HTTP/2 200 OK"
03:00:28 │ INFO    │ HTTP Request: POST https://oqgwwidykukkqcgvvsnm.supabase.co/rest/v1/price_history?columns=%22high%22%2C%22low%22%2C%22close%22%2C%22volume%22%2C%22adj_close%22%2C%22open%22%2C%22date%22%2C%22ticker%22 "HTTP/2 200 OK"
03:00:30 │ INFO    │ HTTP Request: POST https://oqgwwidykukkqcgvvsnm.supabase.co/rest/v1/price_history?columns=%22high%22%2C%22low%22%2C%22close%22%2C%22volume%22%2C%22adj_close%22%2C%22open%22%2C%22date%22%2C%22ticker%22 "HTTP/2 200 OK"
03:00:31 │ INFO    │ HTTP Request: POST https://oqgwwidykukkqcgvvsnm.supabase.co/rest/v1/price_history?columns=%22high%22%2C%22low%22%2C%22close%22%2C%22volume%22%2C%22adj_close%22%2C%22open%22%2C%22date%22%2C%22ticker%22 "HTTP/2 200 OK"
03:00:32 │ INFO    │ HTTP Request: POST https://oqgwwidykukkqcgvvsnm.supabase.co/rest/v1/price_history?columns=%22high%22%2C%22low%22%2C%22close%22%2C%22volume%22%2C%22adj_close%22%2C%22open%22%2C%22date%22%2C%22ticker%22 "HTTP/2 200 OK"
03:00:32 │ INFO    │ HTTP Request: POST https://oqgwwidykukkqcgvvsnm.supabase.co/rest/v1/price_history?columns=%22high%22%2C%22low%22%2C%22close%22%2C%22volume%22%2C%22adj_close%22%2C%22open%22%2C%22date%22%2C%22ticker%22 "HTTP/2 200 OK"
03:00:33 │ INFO    │ HTTP Request: POST https://oqgwwidykukkqcgvvsnm.supabase.co/rest/v1/price_history?columns=%22high%22%2C%22low%22%2C%22close%22%2C%22volume%22%2C%22adj_close%22%2C%22open%22%2C%22date%22%2C%22ticker%22 "HTTP/2 200 OK"
03:00:34 │ INFO    │ HTTP Request: POST https://oqgwwidykukkqcgvvsnm.supabase.co/rest/v1/price_history?columns=%22high%22%2C%22low%22%2C%22close%22%2C%22volume%22%2C%22adj_close%22%2C%22open%22%2C%22date%22%2C%22ticker%22 "HTTP/2 200 OK"
03:00:35 │ INFO    │ HTTP Request: POST https://oqgwwidykukkqcgvvsnm.supabase.co/rest/v1/price_history?columns=%22high%22%2C%22low%22%2C%22close%22%2C%22volume%22%2C%22adj_close%22%2C%22open%22%2C%22date%22%2C%22ticker%22 "HTTP/2 200 OK"
03:00:36 │ INFO    │ HTTP Request: POST https://oqgwwidykukkqcgvvsnm.supabase.co/rest/v1/price_history?columns=%22high%22%2C%22low%22%2C%22close%22%2C%22volume%22%2C%22adj_close%22%2C%22open%22%2C%22date%22%2C%22ticker%22 "HTTP/2 200 OK"
03:00:36 │ INFO    │ HTTP Request: POST https://oqgwwidykukkqcgvvsnm.supabase.co/rest/v1/price_history?columns=%22high%22%2C%22low%22%2C%22close%22%2C%22volume%22%2C%22adj_close%22%2C%22open%22%2C%22date%22%2C%22ticker%22 "HTTP/2 200 OK"
03:00:37 │ INFO    │ HTTP Request: POST https://oqgwwidykukkqcgvvsnm.supabase.co/rest/v1/price_history?columns=%22high%22%2C%22low%22%2C%22close%22%2C%22volume%22%2C%22adj_close%22%2C%22open%22%2C%22date%22%2C%22ticker%22 "HTTP/2 200 OK"
03:00:38 │ INFO    │ HTTP Request: POST https://oqgwwidykukkqcgvvsnm.supabase.co/rest/v1/price_history?columns=%22high%22%2C%22low%22%2C%22close%22%2C%22volume%22%2C%22adj_close%22%2C%22open%22%2C%22date%22%2C%22ticker%22 "HTTP/2 200 OK"
03:00:38 │ INFO    │ HTTP Request: POST https://oqgwwidykukkqcgvvsnm.supabase.co/rest/v1/price_history?columns=%22high%22%2C%22low%22%2C%22close%22%2C%22volume%22%2C%22adj_close%22%2C%22open%22%2C%22date%22%2C%22ticker%22 "HTTP/2 200 OK"
03:00:39 │ INFO    │ HTTP Request: POST https://oqgwwidykukkqcgvvsnm.supabase.co/rest/v1/price_history?columns=%22high%22%2C%22low%22%2C%22close%22%2C%22volume%22%2C%22adj_close%22%2C%22open%22%2C%22date%22%2C%22ticker%22 "HTTP/2 200 OK"
03:00:40 │ INFO    │ HTTP Request: POST https://oqgwwidykukkqcgvvsnm.supabase.co/rest/v1/price_history?columns=%22high%22%2C%22low%22%2C%22close%22%2C%22volume%22%2C%22adj_close%22%2C%22open%22%2C%22date%22%2C%22ticker%22 "HTTP/2 200 OK"
03:00:40 │ INFO    │ HTTP Request: POST https://oqgwwidykukkqcgvvsnm.supabase.co/rest/v1/price_history?columns=%22high%22%2C%22low%22%2C%22close%22%2C%22volume%22%2C%22adj_close%22%2C%22open%22%2C%22date%22%2C%22ticker%22 "HTTP/2 200 OK"
03:00:41 │ INFO    │ HTTP Request: POST https://oqgwwidykukkqcgvvsnm.supabase.co/rest/v1/price_history?columns=%22high%22%2C%22low%22%2C%22close%22%2C%22volume%22%2C%22adj_close%22%2C%22open%22%2C%22date%22%2C%22ticker%22 "HTTP/2 200 OK"
03:00:42 │ INFO    │ HTTP Request: POST https://oqgwwidykukkqcgvvsnm.supabase.co/rest/v1/price_history?columns=%22high%22%2C%22low%22%2C%22close%22%2C%22volume%22%2C%22adj_close%22%2C%22open%22%2C%22date%22%2C%22ticker%22 "HTTP/2 200 OK"
03:00:43 │ INFO    │ HTTP Request: POST https://oqgwwidykukkqcgvvsnm.supabase.co/rest/v1/price_history?columns=%22high%22%2C%22low%22%2C%22close%22%2C%22volume%22%2C%22adj_close%22%2C%22open%22%2C%22date%22%2C%22ticker%22 "HTTP/2 200 OK"
03:00:44 │ INFO    │ HTTP Request: POST https://oqgwwidykukkqcgvvsnm.supabase.co/rest/v1/price_history?columns=%22high%22%2C%22low%22%2C%22close%22%2C%22volume%22%2C%22adj_close%22%2C%22open%22%2C%22date%22%2C%22ticker%22 "HTTP/2 200 OK"
03:00:45 │ INFO    │ HTTP Request: POST https://oqgwwidykukkqcgvvsnm.supabase.co/rest/v1/price_history?columns=%22high%22%2C%22low%22%2C%22close%22%2C%22volume%22%2C%22adj_close%22%2C%22open%22%2C%22date%22%2C%22ticker%22 "HTTP/2 200 OK"
03:00:46 │ INFO    │ HTTP Request: POST https://oqgwwidykukkqcgvvsnm.supabase.co/rest/v1/price_history?columns=%22high%22%2C%22low%22%2C%22close%22%2C%22volume%22%2C%22adj_close%22%2C%22open%22%2C%22date%22%2C%22ticker%22 "HTTP/2 200 OK"
03:00:47 │ INFO    │ HTTP Request: POST https://oqgwwidykukkqcgvvsnm.supabase.co/rest/v1/price_history?columns=%22high%22%2C%22low%22%2C%22close%22%2C%22volume%22%2C%22adj_close%22%2C%22open%22%2C%22date%22%2C%22ticker%22 "HTTP/2 200 OK"
03:00:48 │ INFO    │ HTTP Request: POST https://oqgwwidykukkqcgvvsnm.supabase.co/rest/v1/price_history?columns=%22high%22%2C%22low%22%2C%22close%22%2C%22volume%22%2C%22adj_close%22%2C%22open%22%2C%22date%22%2C%22ticker%22 "HTTP/2 200 OK"
03:00:49 │ INFO    │ HTTP Request: POST https://oqgwwidykukkqcgvvsnm.supabase.co/rest/v1/price_history?columns=%22high%22%2C%22low%22%2C%22close%22%2C%22volume%22%2C%22adj_close%22%2C%22open%22%2C%22date%22%2C%22ticker%22 "HTTP/2 200 OK"
03:00:49 │ INFO    │ HTTP Request: POST https://oqgwwidykukkqcgvvsnm.supabase.co/rest/v1/gains?columns=%22start_price%22%2C%22high_52w%22%2C%22start_date%22%2C%22vs_sector%22%2C%22above_ma_200%22%2C%22end_date%22%2C%22pct_from_52w_high%22%2C%22gain_streak%22%2C%22sharpe_ratio%22%2C%22ticker%22%2C%22vs_country%22%2C%22volatility_30d%22%2C%22pct_from_52w_low%22%2C%22max_drawdown%22%2C%22pct_change%22%2C%22pct_change_usd%22%2C%22volume_ratio%22%2C%22avg_volume%22%2C%22low_52w%22%2C%22rsi_14%22%2C%22ma_50%22%2C%22at_52w_high%22%2C%22abs_change%22%2C%22above_ma_50%22%2C%22period%22%2C%22at_52w_low%22%2C%22sector_avg_change%22%2C%22ma_200%22%2C%22country_avg_change%22%2C%22end_price%22%2C%22recent_volume%22 "HTTP/2 201 Created"
03:00:50 │ INFO    │ Processing batch 11/316 (50 tickers) ... [482 successful so far]
03:01:42 │ INFO    │ HTTP Request: POST https://oqgwwidykukkqcgvvsnm.supabase.co/rest/v1/stocks?columns=%22pe_ratio%22%2C%22region%22%2C%22recommendation%22%2C%22ipo_date%22%2C%22industry%22%2C%22currency%22%2C%22country%22%2C%22exchange%22%2C%22earnings_growth%22%2C%22sector%22%2C%22market_cap%22%2C%22revenue_growth%22%2C%22earnings_date%22%2C%22name%22%2C%22last_updated%22%2C%22dividend_yield%22%2C%22ticker%22%2C%22market_cap_tier%22 "HTTP/2 200 OK"
03:01:43 │ INFO    │ HTTP Request: POST https://oqgwwidykukkqcgvvsnm.supabase.co/rest/v1/price_history?columns=%22high%22%2C%22low%22%2C%22close%22%2C%22volume%22%2C%22adj_close%22%2C%22open%22%2C%22date%22%2C%22ticker%22 "HTTP/2 200 OK"
03:01:43 │ INFO    │ HTTP Request: POST https://oqgwwidykukkqcgvvsnm.supabase.co/rest/v1/price_history?columns=%22high%22%2C%22low%22%2C%22close%22%2C%22volume%22%2C%22adj_close%22%2C%22open%22%2C%22date%22%2C%22ticker%22 "HTTP/2 200 OK"
03:01:44 │ INFO    │ HTTP Request: POST https://oqgwwidykukkqcgvvsnm.supabase.co/rest/v1/price_history?columns=%22high%22%2C%22low%22%2C%22close%22%2C%22volume%22%2C%22adj_close%22%2C%22open%22%2C%22date%22%2C%22ticker%22 "HTTP/2 200 OK"
03:01:45 │ INFO    │ HTTP Request: POST https://oqgwwidykukkqcgvvsnm.supabase.co/rest/v1/price_history?columns=%22high%22%2C%22low%22%2C%22close%22%2C%22volume%22%2C%22adj_close%22%2C%22open%22%2C%22date%22%2C%22ticker%22 "HTTP/2 200 OK"
03:01:46 │ INFO    │ HTTP Request: POST https://oqgwwidykukkqcgvvsnm.supabase.co/rest/v1/price_history?columns=%22high%22%2C%22low%22%2C%22close%22%2C%22volume%22%2C%22adj_close%22%2C%22open%22%2C%22date%22%2C%22ticker%22 "HTTP/2 200 OK"
03:01:47 │ INFO    │ HTTP Request: POST https://oqgwwidykukkqcgvvsnm.supabase.co/rest/v1/price_history?columns=%22high%22%2C%22low%22%2C%22close%22%2C%22volume%22%2C%22adj_close%22%2C%22open%22%2C%22date%22%2C%22ticker%22 "HTTP/2 201 Created"
03:01:47 │ INFO    │ HTTP Request: POST https://oqgwwidykukkqcgvvsnm.supabase.co/rest/v1/price_history?columns=%22high%22%2C%22low%22%2C%22close%22%2C%22volume%22%2C%22adj_close%22%2C%22open%22%2C%22date%22%2C%22ticker%22 "HTTP/2 200 OK"
03:01:48 │ INFO    │ HTTP Request: POST https://oqgwwidykukkqcgvvsnm.supabase.co/rest/v1/price_history?columns=%22high%22%2C%22low%22%2C%22close%22%2C%22volume%22%2C%22adj_close%22%2C%22open%22%2C%22date%22%2C%22ticker%22 "HTTP/2 201 Created"
03:01:49 │ INFO    │ HTTP Request: POST https://oqgwwidykukkqcgvvsnm.supabase.co/rest/v1/price_history?columns=%22high%22%2C%22low%22%2C%22close%22%2C%22volume%22%2C%22adj_close%22%2C%22open%22%2C%22date%22%2C%22ticker%22 "HTTP/2 200 OK"
03:01:49 │ INFO    │ HTTP Request: POST https://oqgwwidykukkqcgvvsnm.supabase.co/rest/v1/price_history?columns=%22high%22%2C%22low%22%2C%22close%22%2C%22volume%22%2C%22adj_close%22%2C%22open%22%2C%22date%22%2C%22ticker%22 "HTTP/2 200 OK"
03:01:50 │ INFO    │ HTTP Request: POST https://oqgwwidykukkqcgvvsnm.supabase.co/rest/v1/price_history?columns=%22high%22%2C%22low%22%2C%22close%22%2C%22volume%22%2C%22adj_close%22%2C%22open%22%2C%22date%22%2C%22ticker%22 "HTTP/2 200 OK"
03:01:51 │ INFO    │ HTTP Request: POST https://oqgwwidykukkqcgvvsnm.supabase.co/rest/v1/price_history?columns=%22high%22%2C%22low%22%2C%22close%22%2C%22volume%22%2C%22adj_close%22%2C%22open%22%2C%22date%22%2C%22ticker%22 "HTTP/2 201 Created"
03:01:52 │ INFO    │ HTTP Request: POST https://oqgwwidykukkqcgvvsnm.supabase.co/rest/v1/price_history?columns=%22high%22%2C%22low%22%2C%22close%22%2C%22volume%22%2C%22adj_close%22%2C%22open%22%2C%22date%22%2C%22ticker%22 "HTTP/2 200 OK"
03:01:53 │ INFO    │ HTTP Request: POST https://oqgwwidykukkqcgvvsnm.supabase.co/rest/v1/price_history?columns=%22high%22%2C%22low%22%2C%22close%22%2C%22volume%22%2C%22adj_close%22%2C%22open%22%2C%22date%22%2C%22ticker%22 "HTTP/2 200 OK"
03:01:53 │ INFO    │ HTTP Request: POST https://oqgwwidykukkqcgvvsnm.supabase.co/rest/v1/price_history?columns=%22high%22%2C%22low%22%2C%22close%22%2C%22volume%22%2C%22adj_close%22%2C%22open%22%2C%22date%22%2C%22ticker%22 "HTTP/2 200 OK"
03:01:54 │ INFO    │ HTTP Request: POST https://oqgwwidykukkqcgvvsnm.supabase.co/rest/v1/price_history?columns=%22high%22%2C%22low%22%2C%22close%22%2C%22volume%22%2C%22adj_close%22%2C%22open%22%2C%22date%22%2C%22ticker%22 "HTTP/2 200 OK"
03:01:55 │ INFO    │ HTTP Request: POST https://oqgwwidykukkqcgvvsnm.supabase.co/rest/v1/price_history?columns=%22high%22%2C%22low%22%2C%22close%22%2C%22volume%22%2C%22adj_close%22%2C%22open%22%2C%22date%22%2C%22ticker%22 "HTTP/2 200 OK"
03:01:55 │ INFO    │ HTTP Request: POST https://oqgwwidykukkqcgvvsnm.supabase.co/rest/v1/price_history?columns=%22high%22%2C%22low%22%2C%22close%22%2C%22volume%22%2C%22adj_close%22%2C%22open%22%2C%22date%22%2C%22ticker%22 "HTTP/2 200 OK"
03:01:56 │ INFO    │ HTTP Request: POST https://oqgwwidykukkqcgvvsnm.supabase.co/rest/v1/price_history?columns=%22high%22%2C%22low%22%2C%22close%22%2C%22volume%22%2C%22adj_close%22%2C%22open%22%2C%22date%22%2C%22ticker%22 "HTTP/2 200 OK"
03:01:57 │ INFO    │ HTTP Request: POST https://oqgwwidykukkqcgvvsnm.supabase.co/rest/v1/price_history?columns=%22high%22%2C%22low%22%2C%22close%22%2C%22volume%22%2C%22adj_close%22%2C%22open%22%2C%22date%22%2C%22ticker%22 "HTTP/2 200 OK"
03:01:58 │ INFO    │ HTTP Request: POST https://oqgwwidykukkqcgvvsnm.supabase.co/rest/v1/price_history?columns=%22high%22%2C%22low%22%2C%22close%22%2C%22volume%22%2C%22adj_close%22%2C%22open%22%2C%22date%22%2C%22ticker%22 "HTTP/2 200 OK"
03:01:58 │ INFO    │ HTTP Request: POST https://oqgwwidykukkqcgvvsnm.supabase.co/rest/v1/price_history?columns=%22high%22%2C%22low%22%2C%22close%22%2C%22volume%22%2C%22adj_close%22%2C%22open%22%2C%22date%22%2C%22ticker%22 "HTTP/2 200 OK"
03:01:59 │ INFO    │ HTTP Request: POST https://oqgwwidykukkqcgvvsnm.supabase.co/rest/v1/price_history?columns=%22high%22%2C%22low%22%2C%22close%22%2C%22volume%22%2C%22adj_close%22%2C%22open%22%2C%22date%22%2C%22ticker%22 "HTTP/2 200 OK"
03:02:00 │ INFO    │ HTTP Request: POST https://oqgwwidykukkqcgvvsnm.supabase.co/rest/v1/price_history?columns=%22high%22%2C%22low%22%2C%22close%22%2C%22volume%22%2C%22adj_close%22%2C%22open%22%2C%22date%22%2C%22ticker%22 "HTTP/2 200 OK"
03:02:00 │ INFO    │ HTTP Request: POST https://oqgwwidykukkqcgvvsnm.supabase.co/rest/v1/price_history?columns=%22high%22%2C%22low%22%2C%22close%22%2C%22volume%22%2C%22adj_close%22%2C%22open%22%2C%22date%22%2C%22ticker%22 "HTTP/2 200 OK"
03:02:01 │ INFO    │ HTTP Request: POST https://oqgwwidykukkqcgvvsnm.supabase.co/rest/v1/price_history?columns=%22high%22%2C%22low%22%2C%22close%22%2C%22volume%22%2C%22adj_close%22%2C%22open%22%2C%22date%22%2C%22ticker%22 "HTTP/2 200 OK"
03:02:02 │ INFO    │ HTTP Request: POST https://oqgwwidykukkqcgvvsnm.supabase.co/rest/v1/gains?columns=%22start_price%22%2C%22high_52w%22%2C%22start_date%22%2C%22vs_sector%22%2C%22above_ma_200%22%2C%22end_date%22%2C%22pct_from_52w_high%22%2C%22gain_streak%22%2C%22sharpe_ratio%22%2C%22ticker%22%2C%22vs_country%22%2C%22volatility_30d%22%2C%22pct_from_52w_low%22%2C%22max_drawdown%22%2C%22pct_change%22%2C%22pct_change_usd%22%2C%22volume_ratio%22%2C%22avg_volume%22%2C%22low_52w%22%2C%22rsi_14%22%2C%22ma_50%22%2C%22at_52w_high%22%2C%22abs_change%22%2C%22above_ma_50%22%2C%22period%22%2C%22at_52w_low%22%2C%22sector_avg_change%22%2C%22ma_200%22%2C%22country_avg_change%22%2C%22end_price%22%2C%22recent_volume%22 "HTTP/2 201 Created"
03:02:02 │ INFO    │ Processing batch 12/316 (50 tickers) ... [531 successful so far]
03:02:43 │ WARNING │   [ANOMALY] BE 2Y gain is 2379.2%. Discarding period data.
03:02:46 │ WARNING │   [ANOMALY] BELFB 5Y gain is 2197.2%. Discarding period data.
03:02:46 │ WARNING │   [ANOMALY] BELFB MAX gain is 2197.2%. Discarding period data.
03:02:53 │ INFO    │ HTTP Request: POST https://oqgwwidykukkqcgvvsnm.supabase.co/rest/v1/stocks?columns=%22pe_ratio%22%2C%22region%22%2C%22recommendation%22%2C%22ipo_date%22%2C%22industry%22%2C%22currency%22%2C%22country%22%2C%22exchange%22%2C%22earnings_growth%22%2C%22sector%22%2C%22market_cap%22%2C%22revenue_growth%22%2C%22earnings_date%22%2C%22name%22%2C%22last_updated%22%2C%22dividend_yield%22%2C%22ticker%22%2C%22market_cap_tier%22 "HTTP/2 200 OK"
03:02:54 │ INFO    │ HTTP Request: POST https://oqgwwidykukkqcgvvsnm.supabase.co/rest/v1/price_history?columns=%22high%22%2C%22low%22%2C%22close%22%2C%22volume%22%2C%22adj_close%22%2C%22open%22%2C%22date%22%2C%22ticker%22 "HTTP/2 200 OK"
03:02:55 │ INFO    │ HTTP Request: POST https://oqgwwidykukkqcgvvsnm.supabase.co/rest/v1/price_history?columns=%22high%22%2C%22low%22%2C%22close%22%2C%22volume%22%2C%22adj_close%22%2C%22open%22%2C%22date%22%2C%22ticker%22 "HTTP/2 200 OK"
03:02:56 │ INFO    │ HTTP Request: POST https://oqgwwidykukkqcgvvsnm.supabase.co/rest/v1/price_history?columns=%22high%22%2C%22low%22%2C%22close%22%2C%22volume%22%2C%22adj_close%22%2C%22open%22%2C%22date%22%2C%22ticker%22 "HTTP/2 200 OK"
03:02:56 │ INFO    │ HTTP Request: POST https://oqgwwidykukkqcgvvsnm.supabase.co/rest/v1/price_history?columns=%22high%22%2C%22low%22%2C%22close%22%2C%22volume%22%2C%22adj_close%22%2C%22open%22%2C%22date%22%2C%22ticker%22 "HTTP/2 200 OK"
03:02:57 │ INFO    │ HTTP Request: POST https://oqgwwidykukkqcgvvsnm.supabase.co/rest/v1/price_history?columns=%22high%22%2C%22low%22%2C%22close%22%2C%22volume%22%2C%22adj_close%22%2C%22open%22%2C%22date%22%2C%22ticker%22 "HTTP/2 200 OK"
03:02:58 │ INFO    │ HTTP Request: POST https://oqgwwidykukkqcgvvsnm.supabase.co/rest/v1/price_history?columns=%22high%22%2C%22low%22%2C%22close%22%2C%22volume%22%2C%22adj_close%22%2C%22open%22%2C%22date%22%2C%22ticker%22 "HTTP/2 200 OK"
03:02:58 │ INFO    │ HTTP Request: POST https://oqgwwidykukkqcgvvsnm.supabase.co/rest/v1/price_history?columns=%22high%22%2C%22low%22%2C%22close%22%2C%22volume%22%2C%22adj_close%22%2C%22open%22%2C%22date%22%2C%22ticker%22 "HTTP/2 200 OK"
03:02:59 │ INFO    │ HTTP Request: POST https://oqgwwidykukkqcgvvsnm.supabase.co/rest/v1/price_history?columns=%22high%22%2C%22low%22%2C%22close%22%2C%22volume%22%2C%22adj_close%22%2C%22open%22%2C%22date%22%2C%22ticker%22 "HTTP/2 200 OK"
03:03:00 │ INFO    │ HTTP Request: POST https://oqgwwidykukkqcgvvsnm.supabase.co/rest/v1/price_history?columns=%22high%22%2C%22low%22%2C%22close%22%2C%22volume%22%2C%22adj_close%22%2C%22open%22%2C%22date%22%2C%22ticker%22 "HTTP/2 200 OK"
03:03:00 │ INFO    │ HTTP Request: POST https://oqgwwidykukkqcgvvsnm.supabase.co/rest/v1/price_history?columns=%22high%22%2C%22low%22%2C%22close%22%2C%22volume%22%2C%22adj_close%22%2C%22open%22%2C%22date%22%2C%22ticker%22 "HTTP/2 200 OK"
03:03:02 │ INFO    │ HTTP Request: POST https://oqgwwidykukkqcgvvsnm.supabase.co/rest/v1/price_history?columns=%22high%22%2C%22low%22%2C%22close%22%2C%22volume%22%2C%22adj_close%22%2C%22open%22%2C%22date%22%2C%22ticker%22 "HTTP/2 200 OK"
03:03:03 │ INFO    │ HTTP Request: POST https://oqgwwidykukkqcgvvsnm.supabase.co/rest/v1/price_history?columns=%22high%22%2C%22low%22%2C%22close%22%2C%22volume%22%2C%22adj_close%22%2C%22open%22%2C%22date%22%2C%22ticker%22 "HTTP/2 201 Created"
03:03:04 │ INFO    │ HTTP Request: POST https://oqgwwidykukkqcgvvsnm.supabase.co/rest/v1/price_history?columns=%22high%22%2C%22low%22%2C%22close%22%2C%22volume%22%2C%22adj_close%22%2C%22open%22%2C%22date%22%2C%22ticker%22 "HTTP/2 200 OK"
03:03:05 │ INFO    │ HTTP Request: POST https://oqgwwidykukkqcgvvsnm.supabase.co/rest/v1/price_history?columns=%22high%22%2C%22low%22%2C%22close%22%2C%22volume%22%2C%22adj_close%22%2C%22open%22%2C%22date%22%2C%22ticker%22 "HTTP/2 200 OK"
03:03:06 │ INFO    │ HTTP Request: POST https://oqgwwidykukkqcgvvsnm.supabase.co/rest/v1/price_history?columns=%22high%22%2C%22low%22%2C%22close%22%2C%22volume%22%2C%22adj_close%22%2C%22open%22%2C%22date%22%2C%22ticker%22 "HTTP/2 200 OK"
03:03:07 │ INFO    │ HTTP Request: POST https://oqgwwidykukkqcgvvsnm.supabase.co/rest/v1/price_history?columns=%22high%22%2C%22low%22%2C%22close%22%2C%22volume%22%2C%22adj_close%22%2C%22open%22%2C%22date%22%2C%22ticker%22 "HTTP/2 200 OK"
03:03:07 │ INFO    │ HTTP Request: POST https://oqgwwidykukkqcgvvsnm.supabase.co/rest/v1/price_history?columns=%22high%22%2C%22low%22%2C%22close%22%2C%22volume%22%2C%22adj_close%22%2C%22open%22%2C%22date%22%2C%22ticker%22 "HTTP/2 200 OK"
03:03:09 │ INFO    │ HTTP Request: POST https://oqgwwidykukkqcgvvsnm.supabase.co/rest/v1/price_history?columns=%22high%22%2C%22low%22%2C%22close%22%2C%22volume%22%2C%22adj_close%22%2C%22open%22%2C%22date%22%2C%22ticker%22 "HTTP/2 200 OK"
03:03:11 │ INFO    │ HTTP Request: POST https://oqgwwidykukkqcgvvsnm.supabase.co/rest/v1/price_history?columns=%22high%22%2C%22low%22%2C%22close%22%2C%22volume%22%2C%22adj_close%22%2C%22open%22%2C%22date%22%2C%22ticker%22 "HTTP/2 200 OK"
03:03:13 │ INFO    │ HTTP Request: POST https://oqgwwidykukkqcgvvsnm.supabase.co/rest/v1/price_history?columns=%22high%22%2C%22low%22%2C%22close%22%2C%22volume%22%2C%22adj_close%22%2C%22open%22%2C%22date%22%2C%22ticker%22 "HTTP/2 200 OK"
03:03:13 │ INFO    │ HTTP Request: POST https://oqgwwidykukkqcgvvsnm.supabase.co/rest/v1/price_history?columns=%22high%22%2C%22low%22%2C%22close%22%2C%22volume%22%2C%22adj_close%22%2C%22open%22%2C%22date%22%2C%22ticker%22 "HTTP/2 200 OK"
03:03:14 │ INFO    │ HTTP Request: POST https://oqgwwidykukkqcgvvsnm.supabase.co/rest/v1/price_history?columns=%22high%22%2C%22low%22%2C%22close%22%2C%22volume%22%2C%22adj_close%22%2C%22open%22%2C%22date%22%2C%22ticker%22 "HTTP/2 201 Created"
03:03:15 │ INFO    │ HTTP Request: POST https://oqgwwidykukkqcgvvsnm.supabase.co/rest/v1/price_history?columns=%22high%22%2C%22low%22%2C%22close%22%2C%22volume%22%2C%22adj_close%22%2C%22open%22%2C%22date%22%2C%22ticker%22 "HTTP/2 201 Created"
03:03:15 │ INFO    │ HTTP Request: POST https://oqgwwidykukkqcgvvsnm.supabase.co/rest/v1/price_history?columns=%22high%22%2C%22low%22%2C%22close%22%2C%22volume%22%2C%22adj_close%22%2C%22open%22%2C%22date%22%2C%22ticker%22 "HTTP/2 201 Created"
03:03:16 │ INFO    │ HTTP Request: POST https://oqgwwidykukkqcgvvsnm.supabase.co/rest/v1/gains?columns=%22start_price%22%2C%22high_52w%22%2C%22start_date%22%2C%22vs_sector%22%2C%22above_ma_200%22%2C%22end_date%22%2C%22pct_from_52w_high%22%2C%22gain_streak%22%2C%22sharpe_ratio%22%2C%22ticker%22%2C%22vs_country%22%2C%22volatility_30d%22%2C%22pct_from_52w_low%22%2C%22max_drawdown%22%2C%22pct_change%22%2C%22pct_change_usd%22%2C%22volume_ratio%22%2C%22avg_volume%22%2C%22low_52w%22%2C%22rsi_14%22%2C%22ma_50%22%2C%22at_52w_high%22%2C%22abs_change%22%2C%22above_ma_50%22%2C%22period%22%2C%22at_52w_low%22%2C%22sector_avg_change%22%2C%22ma_200%22%2C%22country_avg_change%22%2C%22end_price%22%2C%22recent_volume%22 "HTTP/2 201 Created"
03:03:17 │ INFO    │ Processing batch 13/316 (50 tickers) ... [576 successful so far]
03:04:00 │ INFO    │ HTTP Request: POST https://oqgwwidykukkqcgvvsnm.supabase.co/rest/v1/stocks?columns=%22pe_ratio%22%2C%22region%22%2C%22recommendation%22%2C%22ipo_date%22%2C%22industry%22%2C%22currency%22%2C%22country%22%2C%22exchange%22%2C%22earnings_growth%22%2C%22sector%22%2C%22market_cap%22%2C%22revenue_growth%22%2C%22earnings_date%22%2C%22name%22%2C%22last_updated%22%2C%22dividend_yield%22%2C%22ticker%22%2C%22market_cap_tier%22 "HTTP/2 200 OK"
03:04:01 │ INFO    │ HTTP Request: POST https://oqgwwidykukkqcgvvsnm.supabase.co/rest/v1/price_history?columns=%22high%22%2C%22low%22%2C%22close%22%2C%22volume%22%2C%22adj_close%22%2C%22open%22%2C%22date%22%2C%22ticker%22 "HTTP/2 201 Created"
03:04:02 │ INFO    │ HTTP Request: POST https://oqgwwidykukkqcgvvsnm.supabase.co/rest/v1/price_history?columns=%22high%22%2C%22low%22%2C%22close%22%2C%22volume%22%2C%22adj_close%22%2C%22open%22%2C%22date%22%2C%22ticker%22 "HTTP/2 201 Created"
03:04:02 │ INFO    │ HTTP Request: POST https://oqgwwidykukkqcgvvsnm.supabase.co/rest/v1/price_history?columns=%22high%22%2C%22low%22%2C%22close%22%2C%22volume%22%2C%22adj_close%22%2C%22open%22%2C%22date%22%2C%22ticker%22 "HTTP/2 201 Created"
03:04:03 │ INFO    │ HTTP Request: POST https://oqgwwidykukkqcgvvsnm.supabase.co/rest/v1/price_history?columns=%22high%22%2C%22low%22%2C%22close%22%2C%22volume%22%2C%22adj_close%22%2C%22open%22%2C%22date%22%2C%22ticker%22 "HTTP/2 201 Created"
